<?xml version="1.0" encoding="UTF-8"?>
<testsuite xmlns:xsi="http://www.w3.org/2001/XMLSchema-instance" xsi:noNamespaceSchemaLocation="https://maven.apache.org/surefire/maven-surefire-plugin/xsd/surefire-test-report.xsd" name="edu.udacity.java.nano.server.ChatWebSocketServerTest" time="2.323" tests="3" errors="3" skipped="0" failures="0">
  <properties>
[...]
</properties>
  <testcase name="logout" classname="edu.udacity.java.nano.server.ChatWebSocketServerTest" time="1.497">
    <error message="Unable to locate element with ID: &apos;username&apos;&#10;For documentation on this error, please visit: http://seleniumhq.org/exceptions/no_such_element.html&#10;Build info: version: &apos;3.9.1&apos;, revision: &apos;63f7b50&apos;, time: &apos;2018-02-07T22:25:02.294Z&apos;&#10;System info: host: &apos;Lynettes-MacBook-Pro.local&apos;, ip: &apos;2601:248:4:7be0:0:0:0:2a9a%en0&apos;, os.name: &apos;Mac OS X&apos;, os.arch: &apos;x86_64&apos;, os.version: &apos;10.14.6&apos;, java.version: &apos;1.8.0_231&apos;&#10;Driver info: driver.version: HtmlUnitDriver" type="org.openqa.selenium.NoSuchElementException">org.openqa.selenium.NoSuchElementException: 
Unable to locate element with ID: 'username'
For documentation on this error, please visit: http://seleniumhq.org/exceptions/no_such_element.html
Build info: version: '3.9.1', revision: '63f7b50', time: '2018-02-07T22:25:02.294Z'
System info: host: 'Lynettes-MacBook-Pro.local', ip: '2601:248:4:7be0:0:0:0:2a9a%en0', os.name: 'Mac OS X', os.arch: 'x86_64', os.version: '10.14.6', java.version: '1.8.0_231'
Driver info: driver.version: HtmlUnitDriver
	at edu.udacity.java.nano.server.ChatWebSocketServerTest.logout(ChatWebSocketServerTest.java:75)
</error>
    <system-out><![CDATA[12:53:29.872 [main] DEBUG org.springframework.test.context.junit4.SpringJUnit4ClassRunner - SpringJUnit4ClassRunner constructor called with [class edu.udacity.java.nano.server.ChatWebSocketServerTest]
12:53:29.878 [main] DEBUG org.springframework.test.context.BootstrapUtils - Instantiating CacheAwareContextLoaderDelegate from class [org.springframework.test.context.cache.DefaultCacheAwareContextLoaderDelegate]
12:53:29.889 [main] DEBUG org.springframework.test.context.BootstrapUtils - Instantiating BootstrapContext using constructor [public org.springframework.test.context.support.DefaultBootstrapContext(java.lang.Class,org.springframework.test.context.CacheAwareContextLoaderDelegate)]
12:53:29.906 [main] DEBUG org.springframework.test.context.BootstrapUtils - Instantiating TestContextBootstrapper for test class [edu.udacity.java.nano.server.ChatWebSocketServerTest] from class [org.springframework.test.context.web.WebTestContextBootstrapper]
12:53:29.934 [main] DEBUG org.springframework.test.context.support.AbstractDelegatingSmartContextLoader - Delegating to AnnotationConfigWebContextLoader to process context configuration [ContextConfigurationAttributes@5f3a4b84 declaringClass = 'edu.udacity.java.nano.server.ChatWebSocketServerTest', classes = '{class edu.udacity.java.nano.config.WebSocketConfig}', locations = '{}', inheritLocations = true, initializers = '{}', inheritInitializers = true, name = [null], contextLoaderClass = 'org.springframework.test.context.ContextLoader'].
12:53:30.001 [main] DEBUG org.springframework.test.context.support.ActiveProfilesUtils - Could not find an 'annotation declaring class' for annotation type [org.springframework.test.context.ActiveProfiles] and class [edu.udacity.java.nano.server.ChatWebSocketServerTest]
12:53:30.003 [main] DEBUG org.springframework.test.context.web.WebTestContextBootstrapper - @TestExecutionListeners is not present for class [edu.udacity.java.nano.server.ChatWebSocketServerTest]: using defaults.
12:53:30.004 [main] INFO org.springframework.test.context.web.WebTestContextBootstrapper - Loaded default TestExecutionListener class names from location [META-INF/spring.factories]: [org.springframework.boot.test.mock.mockito.MockitoTestExecutionListener, org.springframework.boot.test.mock.mockito.ResetMocksTestExecutionListener, org.springframework.boot.test.autoconfigure.restdocs.RestDocsTestExecutionListener, org.springframework.boot.test.autoconfigure.web.client.MockRestServiceServerResetTestExecutionListener, org.springframework.boot.test.autoconfigure.web.servlet.MockMvcPrintOnlyOnFailureTestExecutionListener, org.springframework.boot.test.autoconfigure.web.servlet.WebDriverTestExecutionListener, org.springframework.test.context.web.ServletTestExecutionListener, org.springframework.test.context.support.DirtiesContextBeforeModesTestExecutionListener, org.springframework.test.context.support.DependencyInjectionTestExecutionListener, org.springframework.test.context.support.DirtiesContextTestExecutionListener, org.springframework.test.context.transaction.TransactionalTestExecutionListener, org.springframework.test.context.jdbc.SqlScriptsTestExecutionListener]
12:53:30.017 [main] DEBUG org.springframework.test.context.web.WebTestContextBootstrapper - Skipping candidate TestExecutionListener [org.springframework.test.context.transaction.TransactionalTestExecutionListener] due to a missing dependency. Specify custom listener classes or make the default listener classes and their required dependencies available. Offending class: [org/springframework/transaction/interceptor/TransactionAttributeSource]
12:53:30.017 [main] DEBUG org.springframework.test.context.web.WebTestContextBootstrapper - Skipping candidate TestExecutionListener [org.springframework.test.context.jdbc.SqlScriptsTestExecutionListener] due to a missing dependency. Specify custom listener classes or make the default listener classes and their required dependencies available. Offending class: [org/springframework/transaction/interceptor/TransactionAttribute]
12:53:30.017 [main] INFO org.springframework.test.context.web.WebTestContextBootstrapper - Using TestExecutionListeners: [org.springframework.test.context.web.ServletTestExecutionListener@3e77a1ed, org.springframework.test.context.support.DirtiesContextBeforeModesTestExecutionListener@3ffcd140, org.springframework.boot.test.mock.mockito.MockitoTestExecutionListener@23bb8443, org.springframework.test.context.support.DependencyInjectionTestExecutionListener@1176dcec, org.springframework.test.context.support.DirtiesContextTestExecutionListener@120d6fe6, org.springframework.boot.test.mock.mockito.ResetMocksTestExecutionListener@4ba2ca36, org.springframework.boot.test.autoconfigure.restdocs.RestDocsTestExecutionListener@3444d69d, org.springframework.boot.test.autoconfigure.web.client.MockRestServiceServerResetTestExecutionListener@1372ed45, org.springframework.boot.test.autoconfigure.web.servlet.MockMvcPrintOnlyOnFailureTestExecutionListener@6a79c292, org.springframework.boot.test.autoconfigure.web.servlet.WebDriverTestExecutionListener@37574691]
12:53:30.019 [main] DEBUG org.springframework.test.annotation.ProfileValueUtils - Retrieved @ProfileValueSourceConfiguration [null] for test class [edu.udacity.java.nano.server.ChatWebSocketServerTest]
12:53:30.019 [main] DEBUG org.springframework.test.annotation.ProfileValueUtils - Retrieved ProfileValueSource type [class org.springframework.test.annotation.SystemProfileValueSource] for class [edu.udacity.java.nano.server.ChatWebSocketServerTest]
12:53:30.021 [main] DEBUG org.springframework.test.annotation.ProfileValueUtils - Retrieved @ProfileValueSourceConfiguration [null] for test class [edu.udacity.java.nano.server.ChatWebSocketServerTest]
12:53:30.021 [main] DEBUG org.springframework.test.annotation.ProfileValueUtils - Retrieved ProfileValueSource type [class org.springframework.test.annotation.SystemProfileValueSource] for class [edu.udacity.java.nano.server.ChatWebSocketServerTest]
12:53:30.022 [main] DEBUG org.springframework.test.annotation.ProfileValueUtils - Retrieved @ProfileValueSourceConfiguration [null] for test class [edu.udacity.java.nano.server.ChatWebSocketServerTest]
12:53:30.022 [main] DEBUG org.springframework.test.annotation.ProfileValueUtils - Retrieved ProfileValueSource type [class org.springframework.test.annotation.SystemProfileValueSource] for class [edu.udacity.java.nano.server.ChatWebSocketServerTest]
12:53:30.024 [main] DEBUG org.springframework.test.context.support.AbstractDirtiesContextTestExecutionListener - Before test class: context [DefaultTestContext@27c6e487 testClass = ChatWebSocketServerTest, testInstance = [null], testMethod = [null], testException = [null], mergedContextConfiguration = [WebMergedContextConfiguration@49070868 testClass = ChatWebSocketServerTest, locations = '{}', classes = '{class edu.udacity.java.nano.config.WebSocketConfig}', contextInitializerClasses = '[]', activeProfiles = '{}', propertySourceLocations = '{}', propertySourceProperties = '{}', contextCustomizers = set[org.springframework.boot.test.context.filter.ExcludeFilterContextCustomizer@4cf4d528, org.springframework.boot.test.json.DuplicateJsonObjectContextCustomizerFactory$DuplicateJsonObjectContextCustomizer@2641e737, org.springframework.boot.test.mock.mockito.MockitoContextCustomizer@0, org.springframework.boot.test.autoconfigure.properties.PropertyMappingContextCustomizer@0, org.springframework.boot.test.autoconfigure.web.servlet.WebDriverContextCustomizerFactory$Customizer@6483f5ae, org.springframework.test.context.web.socket.MockServerContainerContextCustomizer@73d4cc9e], resourceBasePath = 'src/main/webapp', contextLoader = 'org.springframework.test.context.web.WebDelegatingSmartContextLoader', parent = [null]], attributes = map[[empty]]], class annotated with @DirtiesContext [false] with mode [null].
12:53:30.024 [main] DEBUG org.springframework.test.annotation.ProfileValueUtils - Retrieved @ProfileValueSourceConfiguration [null] for test class [edu.udacity.java.nano.server.ChatWebSocketServerTest]
12:53:30.025 [main] DEBUG org.springframework.test.annotation.ProfileValueUtils - Retrieved ProfileValueSource type [class org.springframework.test.annotation.SystemProfileValueSource] for class [edu.udacity.java.nano.server.ChatWebSocketServerTest]
12:53:30.026 [main] DEBUG org.springframework.test.context.support.AbstractDelegatingSmartContextLoader - Delegating to AnnotationConfigWebContextLoader to load context from [WebMergedContextConfiguration@49070868 testClass = ChatWebSocketServerTest, locations = '{}', classes = '{class edu.udacity.java.nano.config.WebSocketConfig}', contextInitializerClasses = '[]', activeProfiles = '{}', propertySourceLocations = '{}', propertySourceProperties = '{}', contextCustomizers = set[org.springframework.boot.test.context.filter.ExcludeFilterContextCustomizer@4cf4d528, org.springframework.boot.test.json.DuplicateJsonObjectContextCustomizerFactory$DuplicateJsonObjectContextCustomizer@2641e737, org.springframework.boot.test.mock.mockito.MockitoContextCustomizer@0, org.springframework.boot.test.autoconfigure.properties.PropertyMappingContextCustomizer@0, org.springframework.boot.test.autoconfigure.web.servlet.WebDriverContextCustomizerFactory$Customizer@6483f5ae, org.springframework.test.context.web.socket.MockServerContainerContextCustomizer@73d4cc9e], resourceBasePath = 'src/main/webapp', contextLoader = 'org.springframework.test.context.web.WebDelegatingSmartContextLoader', parent = [null]].
12:53:30.027 [main] DEBUG org.springframework.test.context.web.AbstractGenericWebContextLoader - Loading WebApplicationContext for merged context configuration [WebMergedContextConfiguration@49070868 testClass = ChatWebSocketServerTest, locations = '{}', classes = '{class edu.udacity.java.nano.config.WebSocketConfig}', contextInitializerClasses = '[]', activeProfiles = '{}', propertySourceLocations = '{}', propertySourceProperties = '{}', contextCustomizers = set[org.springframework.boot.test.context.filter.ExcludeFilterContextCustomizer@4cf4d528, org.springframework.boot.test.json.DuplicateJsonObjectContextCustomizerFactory$DuplicateJsonObjectContextCustomizer@2641e737, org.springframework.boot.test.mock.mockito.MockitoContextCustomizer@0, org.springframework.boot.test.autoconfigure.properties.PropertyMappingContextCustomizer@0, org.springframework.boot.test.autoconfigure.web.servlet.WebDriverContextCustomizerFactory$Customizer@6483f5ae, org.springframework.test.context.web.socket.MockServerContainerContextCustomizer@73d4cc9e], resourceBasePath = 'src/main/webapp', contextLoader = 'org.springframework.test.context.web.WebDelegatingSmartContextLoader', parent = [null]].
12:53:30.078 [main] DEBUG org.springframework.web.context.support.StandardServletEnvironment - Adding PropertySource 'servletConfigInitParams' with lowest search precedence
12:53:30.079 [main] DEBUG org.springframework.web.context.support.StandardServletEnvironment - Adding PropertySource 'servletContextInitParams' with lowest search precedence
12:53:30.083 [main] DEBUG org.springframework.web.context.support.StandardServletEnvironment - Adding PropertySource 'systemProperties' with lowest search precedence
12:53:30.083 [main] DEBUG org.springframework.web.context.support.StandardServletEnvironment - Adding PropertySource 'systemEnvironment' with lowest search precedence
12:53:30.084 [main] DEBUG org.springframework.web.context.support.StandardServletEnvironment - Initialized StandardServletEnvironment with PropertySources [StubPropertySource@576936864 {name='servletConfigInitParams', properties=java.lang.Object@13c10b87}, StubPropertySource@111156771 {name='servletContextInitParams', properties=java.lang.Object@5a955565}, MapPropertySource@1653844940 {name='systemProperties', properties={java.runtime.name=Java(TM) SE Runtime Environment, sun.boot.library.path=/Library/Java/JavaVirtualMachines/jdk1.8.0_231.jdk/Contents/Home/jre/lib, java.vm.version=25.231-b11, gopherProxySet=false, java.vm.vendor=Oracle Corporation, java.vendor.url=http://java.oracle.com/, path.separator=:, java.vm.name=Java HotSpot(TM) 64-Bit Server VM, file.encoding.pkg=sun.io, user.country=US, sun.java.launcher=SUN_STANDARD, sun.os.patch.level=unknown, java.vm.specification.name=Java Virtual Machine Specification, user.dir=/Users/lynettemidy/Documents/Projects/chatroomFinal, java.runtime.version=1.8.0_231-b11, basedir=/Users/lynettemidy/Documents/Projects/chatroomFinal, java.awt.graphicsenv=sun.awt.CGraphicsEnvironment, java.endorsed.dirs=/Library/Java/JavaVirtualMachines/jdk1.8.0_231.jdk/Contents/Home/jre/lib/endorsed, os.arch=x86_64, surefire.real.class.path=/Users/lynettemidy/Documents/Projects/chatroomFinal/target/surefire/surefirebooter1020350596626603598.jar, java.io.tmpdir=/var/folders/82/mlx7z_xx2ln2gsvx3_6twbbm0000gn/T/, line.separator=
, java.vm.specification.vendor=Oracle Corporation, os.name=Mac OS X, sun.jnu.encoding=UTF-8, java.library.path=/Users/lynettemidy/Library/Java/Extensions:/Library/Java/Extensions:/Network/Library/Java/Extensions:/System/Library/Java/Extensions:/usr/lib/java:., surefire.test.class.path=/Users/lynettemidy/Documents/Projects/chatroomFinal/target/test-classes:/Users/lynettemidy/Documents/Projects/chatroomFinal/target/classes:/Users/lynettemidy/.m2/repository/org/springframework/boot/spring-boot-starter-web/2.0.4.RELEASE/spring-boot-starter-web-2.0.4.RELEASE.jar:/Users/lynettemidy/.m2/repository/org/springframework/boot/spring-boot-starter/2.0.4.RELEASE/spring-boot-starter-2.0.4.RELEASE.jar:/Users/lynettemidy/.m2/repository/org/springframework/boot/spring-boot-starter-logging/2.0.4.RELEASE/spring-boot-starter-logging-2.0.4.RELEASE.jar:/Users/lynettemidy/.m2/repository/ch/qos/logback/logback-classic/1.2.3/logback-classic-1.2.3.jar:/Users/lynettemidy/.m2/repository/ch/qos/logback/logback-core/1.2.3/logback-core-1.2.3.jar:/Users/lynettemidy/.m2/repository/org/apache/logging/log4j/log4j-to-slf4j/2.10.0/log4j-to-slf4j-2.10.0.jar:/Users/lynettemidy/.m2/repository/org/apache/logging/log4j/log4j-api/2.10.0/log4j-api-2.10.0.jar:/Users/lynettemidy/.m2/repository/org/slf4j/jul-to-slf4j/1.7.25/jul-to-slf4j-1.7.25.jar:/Users/lynettemidy/.m2/repository/javax/annotation/javax.annotation-api/1.3.2/javax.annotation-api-1.3.2.jar:/Users/lynettemidy/.m2/repository/org/springframework/boot/spring-boot-starter-json/2.0.4.RELEASE/spring-boot-starter-json-2.0.4.RELEASE.jar:/Users/lynettemidy/.m2/repository/com/fasterxml/jackson/core/jackson-databind/2.9.6/jackson-databind-2.9.6.jar:/Users/lynettemidy/.m2/repository/com/fasterxml/jackson/core/jackson-annotations/2.9.0/jackson-annotations-2.9.0.jar:/Users/lynettemidy/.m2/repository/com/fasterxml/jackson/datatype/jackson-datatype-jdk8/2.9.6/jackson-datatype-jdk8-2.9.6.jar:/Users/lynettemidy/.m2/repository/com/fasterxml/jackson/datatype/jackson-datatype-jsr310/2.9.6/jackson-datatype-jsr310-2.9.6.jar:/Users/lynettemidy/.m2/repository/com/fasterxml/jackson/module/jackson-module-parameter-names/2.9.6/jackson-module-parameter-names-2.9.6.jar:/Users/lynettemidy/.m2/repository/org/springframework/boot/spring-boot-starter-tomcat/2.0.4.RELEASE/spring-boot-starter-tomcat-2.0.4.RELEASE.jar:/Users/lynettemidy/.m2/repository/org/apache/tomcat/embed/tomcat-embed-core/8.5.32/tomcat-embed-core-8.5.32.jar:/Users/lynettemidy/.m2/repository/org/apache/tomcat/embed/tomcat-embed-el/8.5.32/tomcat-embed-el-8.5.32.jar:/Users/lynettemidy/.m2/repository/org/apache/tomcat/embed/tomcat-embed-websocket/8.5.32/tomcat-embed-websocket-8.5.32.jar:/Users/lynettemidy/.m2/repository/org/hibernate/validator/hibernate-validator/6.0.11.Final/hibernate-validator-6.0.11.Final.jar:/Users/lynettemidy/.m2/repository/javax/validation/validation-api/2.0.1.Final/validation-api-2.0.1.Final.jar:/Users/lynettemidy/.m2/repository/org/jboss/logging/jboss-logging/3.3.2.Final/jboss-logging-3.3.2.Final.jar:/Users/lynettemidy/.m2/repository/com/fasterxml/classmate/1.3.4/classmate-1.3.4.jar:/Users/lynettemidy/.m2/repository/org/springframework/spring-web/5.0.8.RELEASE/spring-web-5.0.8.RELEASE.jar:/Users/lynettemidy/.m2/repository/org/springframework/spring-beans/5.0.8.RELEASE/spring-beans-5.0.8.RELEASE.jar:/Users/lynettemidy/.m2/repository/org/springframework/spring-webmvc/5.0.8.RELEASE/spring-webmvc-5.0.8.RELEASE.jar:/Users/lynettemidy/.m2/repository/org/springframework/spring-aop/5.0.8.RELEASE/spring-aop-5.0.8.RELEASE.jar:/Users/lynettemidy/.m2/repository/org/springframework/spring-context/5.0.8.RELEASE/spring-context-5.0.8.RELEASE.jar:/Users/lynettemidy/.m2/repository/org/springframework/spring-expression/5.0.8.RELEASE/spring-expression-5.0.8.RELEASE.jar:/Users/lynettemidy/.m2/repository/org/springframework/boot/spring-boot-starter-websocket/2.0.4.RELEASE/spring-boot-starter-websocket-2.0.4.RELEASE.jar:/Users/lynettemidy/.m2/repository/org/springframework/spring-messaging/5.0.8.RELEASE/spring-messaging-5.0.8.RELEASE.jar:/Users/lynettemidy/.m2/repository/org/springframework/spring-websocket/5.0.8.RELEASE/spring-websocket-5.0.8.RELEASE.jar:/Users/lynettemidy/.m2/repository/org/springframework/boot/spring-boot-starter-thymeleaf/2.0.4.RELEASE/spring-boot-starter-thymeleaf-2.0.4.RELEASE.jar:/Users/lynettemidy/.m2/repository/org/thymeleaf/thymeleaf-spring5/3.0.9.RELEASE/thymeleaf-spring5-3.0.9.RELEASE.jar:/Users/lynettemidy/.m2/repository/org/thymeleaf/thymeleaf/3.0.9.RELEASE/thymeleaf-3.0.9.RELEASE.jar:/Users/lynettemidy/.m2/repository/org/attoparser/attoparser/2.0.4.RELEASE/attoparser-2.0.4.RELEASE.jar:/Users/lynettemidy/.m2/repository/org/unbescape/unbescape/1.1.5.RELEASE/unbescape-1.1.5.RELEASE.jar:/Users/lynettemidy/.m2/repository/org/thymeleaf/extras/thymeleaf-extras-java8time/3.0.1.RELEASE/thymeleaf-extras-java8time-3.0.1.RELEASE.jar:/Users/lynettemidy/.m2/repository/org/webjars/webjars-locator-core/0.35/webjars-locator-core-0.35.jar:/Users/lynettemidy/.m2/repository/org/slf4j/slf4j-api/1.7.25/slf4j-api-1.7.25.jar:/Users/lynettemidy/.m2/repository/org/apache/commons/commons-lang3/3.7/commons-lang3-3.7.jar:/Users/lynettemidy/.m2/repository/org/apache/commons/commons-compress/1.9/commons-compress-1.9.jar:/Users/lynettemidy/.m2/repository/com/fasterxml/jackson/core/jackson-core/2.9.6/jackson-core-2.9.6.jar:/Users/lynettemidy/.m2/repository/org/webjars/npm/mdui/0.4.0/mdui-0.4.0.jar:/Users/lynettemidy/.m2/repository/org/webjars/jquery/3.3.1/jquery-3.3.1.jar:/Users/lynettemidy/.m2/repository/org/springframework/boot/spring-boot-devtools/2.0.4.RELEASE/spring-boot-devtools-2.0.4.RELEASE.jar:/Users/lynettemidy/.m2/repository/org/springframework/boot/spring-boot/2.0.4.RELEASE/spring-boot-2.0.4.RELEASE.jar:/Users/lynettemidy/.m2/repository/org/springframework/boot/spring-boot-autoconfigure/2.0.4.RELEASE/spring-boot-autoconfigure-2.0.4.RELEASE.jar:/Users/lynettemidy/.m2/repository/com/alibaba/fastjson/1.2.49/fastjson-1.2.49.jar:/Users/lynettemidy/.m2/repository/org/springframework/boot/spring-boot-starter-test/2.0.4.RELEASE/spring-boot-starter-test-2.0.4.RELEASE.jar:/Users/lynettemidy/.m2/repository/org/springframework/boot/spring-boot-test/2.0.4.RELEASE/spring-boot-test-2.0.4.RELEASE.jar:/Users/lynettemidy/.m2/repository/org/springframework/boot/spring-boot-test-autoconfigure/2.0.4.RELEASE/spring-boot-test-autoconfigure-2.0.4.RELEASE.jar:/Users/lynettemidy/.m2/repository/com/jayway/jsonpath/json-path/2.4.0/json-path-2.4.0.jar:/Users/lynettemidy/.m2/repository/net/minidev/json-smart/2.3/json-smart-2.3.jar:/Users/lynettemidy/.m2/repository/net/minidev/accessors-smart/1.2/accessors-smart-1.2.jar:/Users/lynettemidy/.m2/repository/org/ow2/asm/asm/5.0.4/asm-5.0.4.jar:/Users/lynettemidy/.m2/repository/junit/junit/4.12/junit-4.12.jar:/Users/lynettemidy/.m2/repository/org/assertj/assertj-core/3.9.1/assertj-core-3.9.1.jar:/Users/lynettemidy/.m2/repository/org/mockito/mockito-core/2.15.0/mockito-core-2.15.0.jar:/Users/lynettemidy/.m2/repository/net/bytebuddy/byte-buddy/1.7.11/byte-buddy-1.7.11.jar:/Users/lynettemidy/.m2/repository/net/bytebuddy/byte-buddy-agent/1.7.11/byte-buddy-agent-1.7.11.jar:/Users/lynettemidy/.m2/repository/org/objenesis/objenesis/2.6/objenesis-2.6.jar:/Users/lynettemidy/.m2/repository/org/hamcrest/hamcrest-core/1.3/hamcrest-core-1.3.jar:/Users/lynettemidy/.m2/repository/org/hamcrest/hamcrest-library/1.3/hamcrest-library-1.3.jar:/Users/lynettemidy/.m2/repository/org/skyscreamer/jsonassert/1.5.0/jsonassert-1.5.0.jar:/Users/lynettemidy/.m2/repository/com/vaadin/external/google/android-json/0.0.20131108.vaadin1/android-json-0.0.20131108.vaadin1.jar:/Users/lynettemidy/.m2/repository/org/springframework/spring-core/5.0.8.RELEASE/spring-core-5.0.8.RELEASE.jar:/Users/lynettemidy/.m2/repository/org/springframework/spring-jcl/5.0.8.RELEASE/spring-jcl-5.0.8.RELEASE.jar:/Users/lynettemidy/.m2/repository/org/springframework/spring-test/5.0.8.RELEASE/spring-test-5.0.8.RELEASE.jar:/Users/lynettemidy/.m2/repository/org/xmlunit/xmlunit-core/2.5.1/xmlunit-core-2.5.1.jar:/Users/lynettemidy/.m2/repository/org/seleniumhq/selenium/selenium-server/3.0.1/selenium-server-3.0.1.jar:/Users/lynettemidy/.m2/repository/org/seleniumhq/selenium/selenium-java/3.9.1/selenium-java-3.9.1.jar:/Users/lynettemidy/.m2/repository/org/seleniumhq/selenium/selenium-api/3.9.1/selenium-api-3.9.1.jar:/Users/lynettemidy/.m2/repository/org/seleniumhq/selenium/selenium-chrome-driver/3.9.1/selenium-chrome-driver-3.9.1.jar:/Users/lynettemidy/.m2/repository/org/seleniumhq/selenium/selenium-edge-driver/3.9.1/selenium-edge-driver-3.9.1.jar:/Users/lynettemidy/.m2/repository/org/seleniumhq/selenium/selenium-firefox-driver/3.9.1/selenium-firefox-driver-3.9.1.jar:/Users/lynettemidy/.m2/repository/org/seleniumhq/selenium/selenium-ie-driver/3.9.1/selenium-ie-driver-3.9.1.jar:/Users/lynettemidy/.m2/repository/org/seleniumhq/selenium/selenium-opera-driver/3.9.1/selenium-opera-driver-3.9.1.jar:/Users/lynettemidy/.m2/repository/org/seleniumhq/selenium/selenium-remote-driver/3.9.1/selenium-remote-driver-3.9.1.jar:/Users/lynettemidy/.m2/repository/org/seleniumhq/selenium/selenium-safari-driver/3.9.1/selenium-safari-driver-3.9.1.jar:/Users/lynettemidy/.m2/repository/org/seleniumhq/selenium/selenium-support/3.9.1/selenium-support-3.9.1.jar:/Users/lynettemidy/.m2/repository/org/apache/commons/commons-exec/1.3/commons-exec-1.3.jar:/Users/lynettemidy/.m2/repository/commons-codec/commons-codec/1.11/commons-codec-1.11.jar:/Users/lynettemidy/.m2/repository/commons-logging/commons-logging/1.2/commons-logging-1.2.jar:/Users/lynettemidy/.m2/repository/com/google/code/gson/gson/2.8.5/gson-2.8.5.jar:/Users/lynettemidy/.m2/repository/com/google/guava/guava/23.6-jre/guava-23.6-jre.jar:/Users/lynettemidy/.m2/repository/com/google/code/findbugs/jsr305/1.3.9/jsr305-1.3.9.jar:/Users/lynettemidy/.m2/repository/org/checkerframework/checker-compat-qual/2.0.0/checker-compat-qual-2.0.0.jar:/Users/lynettemidy/.m2/repository/com/google/errorprone/error_prone_annotations/2.1.3/error_prone_annotations-2.1.3.jar:/Users/lynettemidy/.m2/repository/com/google/j2objc/j2objc-annotations/1.1/j2objc-annotations-1.1.jar:/Users/lynettemidy/.m2/repository/org/codehaus/mojo/animal-sniffer-annotations/1.14/animal-sniffer-annotations-1.14.jar:/Users/lynettemidy/.m2/repository/org/apache/httpcomponents/httpclient/4.5.6/httpclient-4.5.6.jar:/Users/lynettemidy/.m2/repository/org/apache/httpcomponents/httpcore/4.4.10/httpcore-4.4.10.jar:/Users/lynettemidy/.m2/repository/com/squareup/okhttp3/okhttp/3.9.1/okhttp-3.9.1.jar:/Users/lynettemidy/.m2/repository/com/squareup/okio/okio/1.13.0/okio-1.13.0.jar:/Users/lynettemidy/.m2/repository/com/beust/jcommander/1.48/jcommander-1.48.jar:/Users/lynettemidy/.m2/repository/net/jcip/jcip-annotations/1.0/jcip-annotations-1.0.jar:/Users/lynettemidy/.m2/repository/org/seleniumhq/selenium/jetty-repacked/9.2.13.v20160825/jetty-repacked-9.2.13.v20160825.jar:/Users/lynettemidy/.m2/repository/javax/servlet/javax.servlet-api/3.1.0/javax.servlet-api-3.1.0.jar:/Users/lynettemidy/.m2/repository/org/seleniumhq/selenium/htmlunit-driver/2.29.3/htmlunit-driver-2.29.3.jar:/Users/lynettemidy/.m2/repository/net/sourceforge/htmlunit/htmlunit/2.29/htmlunit-2.29.jar:/Users/lynettemidy/.m2/repository/xalan/xalan/2.7.2/xalan-2.7.2.jar:/Users/lynettemidy/.m2/repository/xalan/serializer/2.7.2/serializer-2.7.2.jar:/Users/lynettemidy/.m2/repository/org/apache/commons/commons-text/1.2/commons-text-1.2.jar:/Users/lynettemidy/.m2/repository/org/apache/httpcomponents/httpmime/4.5.6/httpmime-4.5.6.jar:/Users/lynettemidy/.m2/repository/net/sourceforge/htmlunit/htmlunit-core-js/2.28/htmlunit-core-js-2.28.jar:/Users/lynettemidy/.m2/repository/net/sourceforge/htmlunit/neko-htmlunit/2.28/neko-htmlunit-2.28.jar:/Users/lynettemidy/.m2/repository/xerces/xercesImpl/2.11.0/xercesImpl-2.11.0.jar:/Users/lynettemidy/.m2/repository/xml-apis/xml-apis/1.4.01/xml-apis-1.4.01.jar:/Users/lynettemidy/.m2/repository/net/sourceforge/cssparser/cssparser/0.9.24/cssparser-0.9.24.jar:/Users/lynettemidy/.m2/repository/org/w3c/css/sac/1.3/sac-1.3.jar:/Users/lynettemidy/.m2/repository/commons-io/commons-io/2.6/commons-io-2.6.jar:/Users/lynettemidy/.m2/repository/commons-net/commons-net/3.6/commons-net-3.6.jar:/Users/lynettemidy/.m2/repository/org/eclipse/jetty/websocket/websocket-client/9.4.11.v20180605/websocket-client-9.4.11.v20180605.jar:/Users/lynettemidy/.m2/repository/org/eclipse/jetty/jetty-client/9.4.11.v20180605/jetty-client-9.4.11.v20180605.jar:/Users/lynettemidy/.m2/repository/org/eclipse/jetty/jetty-http/9.4.11.v20180605/jetty-http-9.4.11.v20180605.jar:/Users/lynettemidy/.m2/repository/org/eclipse/jetty/jetty-xml/9.4.11.v20180605/jetty-xml-9.4.11.v20180605.jar:/Users/lynettemidy/.m2/repository/org/eclipse/jetty/jetty-util/9.4.11.v20180605/jetty-util-9.4.11.v20180605.jar:/Users/lynettemidy/.m2/repository/org/eclipse/jetty/jetty-io/9.4.11.v20180605/jetty-io-9.4.11.v20180605.jar:/Users/lynettemidy/.m2/repository/org/eclipse/jetty/websocket/websocket-common/9.4.11.v20180605/websocket-common-9.4.11.v20180605.jar:/Users/lynettemidy/.m2/repository/org/eclipse/jetty/websocket/websocket-api/9.4.11.v20180605/websocket-api-9.4.11.v20180605.jar:/Users/lynettemidy/.m2/repository/org/yaml/snakeyaml/1.19/snakeyaml-1.19.jar:, java.specification.name=Java Platform API Specification, java.class.version=52.0, sun.management.compiler=HotSpot 64-Bit Tiered Compilers, os.version=10.14.6, http.nonProxyHosts=local|*.local|169.254/16|*.169.254/16, user.home=/Users/lynettemidy, user.timezone=America/Chicago, java.awt.printerjob=sun.lwawt.macosx.CPrinterJob, file.encoding=UTF-8, java.specification.version=1.8, idea.version2019.2.4=true, java.class.path=/Users/lynettemidy/Documents/Projects/chatroomFinal/target/test-classes:/Users/lynettemidy/Documents/Projects/chatroomFinal/target/classes:/Users/lynettemidy/.m2/repository/org/springframework/boot/spring-boot-starter-web/2.0.4.RELEASE/spring-boot-starter-web-2.0.4.RELEASE.jar:/Users/lynettemidy/.m2/repository/org/springframework/boot/spring-boot-starter/2.0.4.RELEASE/spring-boot-starter-2.0.4.RELEASE.jar:/Users/lynettemidy/.m2/repository/org/springframework/boot/spring-boot-starter-logging/2.0.4.RELEASE/spring-boot-starter-logging-2.0.4.RELEASE.jar:/Users/lynettemidy/.m2/repository/ch/qos/logback/logback-classic/1.2.3/logback-classic-1.2.3.jar:/Users/lynettemidy/.m2/repository/ch/qos/logback/logback-core/1.2.3/logback-core-1.2.3.jar:/Users/lynettemidy/.m2/repository/org/apache/logging/log4j/log4j-to-slf4j/2.10.0/log4j-to-slf4j-2.10.0.jar:/Users/lynettemidy/.m2/repository/org/apache/logging/log4j/log4j-api/2.10.0/log4j-api-2.10.0.jar:/Users/lynettemidy/.m2/repository/org/slf4j/jul-to-slf4j/1.7.25/jul-to-slf4j-1.7.25.jar:/Users/lynettemidy/.m2/repository/javax/annotation/javax.annotation-api/1.3.2/javax.annotation-api-1.3.2.jar:/Users/lynettemidy/.m2/repository/org/springframework/boot/spring-boot-starter-json/2.0.4.RELEASE/spring-boot-starter-json-2.0.4.RELEASE.jar:/Users/lynettemidy/.m2/repository/com/fasterxml/jackson/core/jackson-databind/2.9.6/jackson-databind-2.9.6.jar:/Users/lynettemidy/.m2/repository/com/fasterxml/jackson/core/jackson-annotations/2.9.0/jackson-annotations-2.9.0.jar:/Users/lynettemidy/.m2/repository/com/fasterxml/jackson/datatype/jackson-datatype-jdk8/2.9.6/jackson-datatype-jdk8-2.9.6.jar:/Users/lynettemidy/.m2/repository/com/fasterxml/jackson/datatype/jackson-datatype-jsr310/2.9.6/jackson-datatype-jsr310-2.9.6.jar:/Users/lynettemidy/.m2/repository/com/fasterxml/jackson/module/jackson-module-parameter-names/2.9.6/jackson-module-parameter-names-2.9.6.jar:/Users/lynettemidy/.m2/repository/org/springframework/boot/spring-boot-starter-tomcat/2.0.4.RELEASE/spring-boot-starter-tomcat-2.0.4.RELEASE.jar:/Users/lynettemidy/.m2/repository/org/apache/tomcat/embed/tomcat-embed-core/8.5.32/tomcat-embed-core-8.5.32.jar:/Users/lynettemidy/.m2/repository/org/apache/tomcat/embed/tomcat-embed-el/8.5.32/tomcat-embed-el-8.5.32.jar:/Users/lynettemidy/.m2/repository/org/apache/tomcat/embed/tomcat-embed-websocket/8.5.32/tomcat-embed-websocket-8.5.32.jar:/Users/lynettemidy/.m2/repository/org/hibernate/validator/hibernate-validator/6.0.11.Final/hibernate-validator-6.0.11.Final.jar:/Users/lynettemidy/.m2/repository/javax/validation/validation-api/2.0.1.Final/validation-api-2.0.1.Final.jar:/Users/lynettemidy/.m2/repository/org/jboss/logging/jboss-logging/3.3.2.Final/jboss-logging-3.3.2.Final.jar:/Users/lynettemidy/.m2/repository/com/fasterxml/classmate/1.3.4/classmate-1.3.4.jar:/Users/lynettemidy/.m2/repository/org/springframework/spring-web/5.0.8.RELEASE/spring-web-5.0.8.RELEASE.jar:/Users/lynettemidy/.m2/repository/org/springframework/spring-beans/5.0.8.RELEASE/spring-beans-5.0.8.RELEASE.jar:/Users/lynettemidy/.m2/repository/org/springframework/spring-webmvc/5.0.8.RELEASE/spring-webmvc-5.0.8.RELEASE.jar:/Users/lynettemidy/.m2/repository/org/springframework/spring-aop/5.0.8.RELEASE/spring-aop-5.0.8.RELEASE.jar:/Users/lynettemidy/.m2/repository/org/springframework/spring-context/5.0.8.RELEASE/spring-context-5.0.8.RELEASE.jar:/Users/lynettemidy/.m2/repository/org/springframework/spring-expression/5.0.8.RELEASE/spring-expression-5.0.8.RELEASE.jar:/Users/lynettemidy/.m2/repository/org/springframework/boot/spring-boot-starter-websocket/2.0.4.RELEASE/spring-boot-starter-websocket-2.0.4.RELEASE.jar:/Users/lynettemidy/.m2/repository/org/springframework/spring-messaging/5.0.8.RELEASE/spring-messaging-5.0.8.RELEASE.jar:/Users/lynettemidy/.m2/repository/org/springframework/spring-websocket/5.0.8.RELEASE/spring-websocket-5.0.8.RELEASE.jar:/Users/lynettemidy/.m2/repository/org/springframework/boot/spring-boot-starter-thymeleaf/2.0.4.RELEASE/spring-boot-starter-thymeleaf-2.0.4.RELEASE.jar:/Users/lynettemidy/.m2/repository/org/thymeleaf/thymeleaf-spring5/3.0.9.RELEASE/thymeleaf-spring5-3.0.9.RELEASE.jar:/Users/lynettemidy/.m2/repository/org/thymeleaf/thymeleaf/3.0.9.RELEASE/thymeleaf-3.0.9.RELEASE.jar:/Users/lynettemidy/.m2/repository/org/attoparser/attoparser/2.0.4.RELEASE/attoparser-2.0.4.RELEASE.jar:/Users/lynettemidy/.m2/repository/org/unbescape/unbescape/1.1.5.RELEASE/unbescape-1.1.5.RELEASE.jar:/Users/lynettemidy/.m2/repository/org/thymeleaf/extras/thymeleaf-extras-java8time/3.0.1.RELEASE/thymeleaf-extras-java8time-3.0.1.RELEASE.jar:/Users/lynettemidy/.m2/repository/org/webjars/webjars-locator-core/0.35/webjars-locator-core-0.35.jar:/Users/lynettemidy/.m2/repository/org/slf4j/slf4j-api/1.7.25/slf4j-api-1.7.25.jar:/Users/lynettemidy/.m2/repository/org/apache/commons/commons-lang3/3.7/commons-lang3-3.7.jar:/Users/lynettemidy/.m2/repository/org/apache/commons/commons-compress/1.9/commons-compress-1.9.jar:/Users/lynettemidy/.m2/repository/com/fasterxml/jackson/core/jackson-core/2.9.6/jackson-core-2.9.6.jar:/Users/lynettemidy/.m2/repository/org/webjars/npm/mdui/0.4.0/mdui-0.4.0.jar:/Users/lynettemidy/.m2/repository/org/webjars/jquery/3.3.1/jquery-3.3.1.jar:/Users/lynettemidy/.m2/repository/org/springframework/boot/spring-boot-devtools/2.0.4.RELEASE/spring-boot-devtools-2.0.4.RELEASE.jar:/Users/lynettemidy/.m2/repository/org/springframework/boot/spring-boot/2.0.4.RELEASE/spring-boot-2.0.4.RELEASE.jar:/Users/lynettemidy/.m2/repository/org/springframework/boot/spring-boot-autoconfigure/2.0.4.RELEASE/spring-boot-autoconfigure-2.0.4.RELEASE.jar:/Users/lynettemidy/.m2/repository/com/alibaba/fastjson/1.2.49/fastjson-1.2.49.jar:/Users/lynettemidy/.m2/repository/org/springframework/boot/spring-boot-starter-test/2.0.4.RELEASE/spring-boot-starter-test-2.0.4.RELEASE.jar:/Users/lynettemidy/.m2/repository/org/springframework/boot/spring-boot-test/2.0.4.RELEASE/spring-boot-test-2.0.4.RELEASE.jar:/Users/lynettemidy/.m2/repository/org/springframework/boot/spring-boot-test-autoconfigure/2.0.4.RELEASE/spring-boot-test-autoconfigure-2.0.4.RELEASE.jar:/Users/lynettemidy/.m2/repository/com/jayway/jsonpath/json-path/2.4.0/json-path-2.4.0.jar:/Users/lynettemidy/.m2/repository/net/minidev/json-smart/2.3/json-smart-2.3.jar:/Users/lynettemidy/.m2/repository/net/minidev/accessors-smart/1.2/accessors-smart-1.2.jar:/Users/lynettemidy/.m2/repository/org/ow2/asm/asm/5.0.4/asm-5.0.4.jar:/Users/lynettemidy/.m2/repository/junit/junit/4.12/junit-4.12.jar:/Users/lynettemidy/.m2/repository/org/assertj/assertj-core/3.9.1/assertj-core-3.9.1.jar:/Users/lynettemidy/.m2/repository/org/mockito/mockito-core/2.15.0/mockito-core-2.15.0.jar:/Users/lynettemidy/.m2/repository/net/bytebuddy/byte-buddy/1.7.11/byte-buddy-1.7.11.jar:/Users/lynettemidy/.m2/repository/net/bytebuddy/byte-buddy-agent/1.7.11/byte-buddy-agent-1.7.11.jar:/Users/lynettemidy/.m2/repository/org/objenesis/objenesis/2.6/objenesis-2.6.jar:/Users/lynettemidy/.m2/repository/org/hamcrest/hamcrest-core/1.3/hamcrest-core-1.3.jar:/Users/lynettemidy/.m2/repository/org/hamcrest/hamcrest-library/1.3/hamcrest-library-1.3.jar:/Users/lynettemidy/.m2/repository/org/skyscreamer/jsonassert/1.5.0/jsonassert-1.5.0.jar:/Users/lynettemidy/.m2/repository/com/vaadin/external/google/android-json/0.0.20131108.vaadin1/android-json-0.0.20131108.vaadin1.jar:/Users/lynettemidy/.m2/repository/org/springframework/spring-core/5.0.8.RELEASE/spring-core-5.0.8.RELEASE.jar:/Users/lynettemidy/.m2/repository/org/springframework/spring-jcl/5.0.8.RELEASE/spring-jcl-5.0.8.RELEASE.jar:/Users/lynettemidy/.m2/repository/org/springframework/spring-test/5.0.8.RELEASE/spring-test-5.0.8.RELEASE.jar:/Users/lynettemidy/.m2/repository/org/xmlunit/xmlunit-core/2.5.1/xmlunit-core-2.5.1.jar:/Users/lynettemidy/.m2/repository/org/seleniumhq/selenium/selenium-server/3.0.1/selenium-server-3.0.1.jar:/Users/lynettemidy/.m2/repository/org/seleniumhq/selenium/selenium-java/3.9.1/selenium-java-3.9.1.jar:/Users/lynettemidy/.m2/repository/org/seleniumhq/selenium/selenium-api/3.9.1/selenium-api-3.9.1.jar:/Users/lynettemidy/.m2/repository/org/seleniumhq/selenium/selenium-chrome-driver/3.9.1/selenium-chrome-driver-3.9.1.jar:/Users/lynettemidy/.m2/repository/org/seleniumhq/selenium/selenium-edge-driver/3.9.1/selenium-edge-driver-3.9.1.jar:/Users/lynettemidy/.m2/repository/org/seleniumhq/selenium/selenium-firefox-driver/3.9.1/selenium-firefox-driver-3.9.1.jar:/Users/lynettemidy/.m2/repository/org/seleniumhq/selenium/selenium-ie-driver/3.9.1/selenium-ie-driver-3.9.1.jar:/Users/lynettemidy/.m2/repository/org/seleniumhq/selenium/selenium-opera-driver/3.9.1/selenium-opera-driver-3.9.1.jar:/Users/lynettemidy/.m2/repository/org/seleniumhq/selenium/selenium-remote-driver/3.9.1/selenium-remote-driver-3.9.1.jar:/Users/lynettemidy/.m2/repository/org/seleniumhq/selenium/selenium-safari-driver/3.9.1/selenium-safari-driver-3.9.1.jar:/Users/lynettemidy/.m2/repository/org/seleniumhq/selenium/selenium-support/3.9.1/selenium-support-3.9.1.jar:/Users/lynettemidy/.m2/repository/org/apache/commons/commons-exec/1.3/commons-exec-1.3.jar:/Users/lynettemidy/.m2/repository/commons-codec/commons-codec/1.11/commons-codec-1.11.jar:/Users/lynettemidy/.m2/repository/commons-logging/commons-logging/1.2/commons-logging-1.2.jar:/Users/lynettemidy/.m2/repository/com/google/code/gson/gson/2.8.5/gson-2.8.5.jar:/Users/lynettemidy/.m2/repository/com/google/guava/guava/23.6-jre/guava-23.6-jre.jar:/Users/lynettemidy/.m2/repository/com/google/code/findbugs/jsr305/1.3.9/jsr305-1.3.9.jar:/Users/lynettemidy/.m2/repository/org/checkerframework/checker-compat-qual/2.0.0/checker-compat-qual-2.0.0.jar:/Users/lynettemidy/.m2/repository/com/google/errorprone/error_prone_annotations/2.1.3/error_prone_annotations-2.1.3.jar:/Users/lynettemidy/.m2/repository/com/google/j2objc/j2objc-annotations/1.1/j2objc-annotations-1.1.jar:/Users/lynettemidy/.m2/repository/org/codehaus/mojo/animal-sniffer-annotations/1.14/animal-sniffer-annotations-1.14.jar:/Users/lynettemidy/.m2/repository/org/apache/httpcomponents/httpclient/4.5.6/httpclient-4.5.6.jar:/Users/lynettemidy/.m2/repository/org/apache/httpcomponents/httpcore/4.4.10/httpcore-4.4.10.jar:/Users/lynettemidy/.m2/repository/com/squareup/okhttp3/okhttp/3.9.1/okhttp-3.9.1.jar:/Users/lynettemidy/.m2/repository/com/squareup/okio/okio/1.13.0/okio-1.13.0.jar:/Users/lynettemidy/.m2/repository/com/beust/jcommander/1.48/jcommander-1.48.jar:/Users/lynettemidy/.m2/repository/net/jcip/jcip-annotations/1.0/jcip-annotations-1.0.jar:/Users/lynettemidy/.m2/repository/org/seleniumhq/selenium/jetty-repacked/9.2.13.v20160825/jetty-repacked-9.2.13.v20160825.jar:/Users/lynettemidy/.m2/repository/javax/servlet/javax.servlet-api/3.1.0/javax.servlet-api-3.1.0.jar:/Users/lynettemidy/.m2/repository/org/seleniumhq/selenium/htmlunit-driver/2.29.3/htmlunit-driver-2.29.3.jar:/Users/lynettemidy/.m2/repository/net/sourceforge/htmlunit/htmlunit/2.29/htmlunit-2.29.jar:/Users/lynettemidy/.m2/repository/xalan/xalan/2.7.2/xalan-2.7.2.jar:/Users/lynettemidy/.m2/repository/xalan/serializer/2.7.2/serializer-2.7.2.jar:/Users/lynettemidy/.m2/repository/org/apache/commons/commons-text/1.2/commons-text-1.2.jar:/Users/lynettemidy/.m2/repository/org/apache/httpcomponents/httpmime/4.5.6/httpmime-4.5.6.jar:/Users/lynettemidy/.m2/repository/net/sourceforge/htmlunit/htmlunit-core-js/2.28/htmlunit-core-js-2.28.jar:/Users/lynettemidy/.m2/repository/net/sourceforge/htmlunit/neko-htmlunit/2.28/neko-htmlunit-2.28.jar:/Users/lynettemidy/.m2/repository/xerces/xercesImpl/2.11.0/xercesImpl-2.11.0.jar:/Users/lynettemidy/.m2/repository/xml-apis/xml-apis/1.4.01/xml-apis-1.4.01.jar:/Users/lynettemidy/.m2/repository/net/sourceforge/cssparser/cssparser/0.9.24/cssparser-0.9.24.jar:/Users/lynettemidy/.m2/repository/org/w3c/css/sac/1.3/sac-1.3.jar:/Users/lynettemidy/.m2/repository/commons-io/commons-io/2.6/commons-io-2.6.jar:/Users/lynettemidy/.m2/repository/commons-net/commons-net/3.6/commons-net-3.6.jar:/Users/lynettemidy/.m2/repository/org/eclipse/jetty/websocket/websocket-client/9.4.11.v20180605/websocket-client-9.4.11.v20180605.jar:/Users/lynettemidy/.m2/repository/org/eclipse/jetty/jetty-client/9.4.11.v20180605/jetty-client-9.4.11.v20180605.jar:/Users/lynettemidy/.m2/repository/org/eclipse/jetty/jetty-http/9.4.11.v20180605/jetty-http-9.4.11.v20180605.jar:/Users/lynettemidy/.m2/repository/org/eclipse/jetty/jetty-xml/9.4.11.v20180605/jetty-xml-9.4.11.v20180605.jar:/Users/lynettemidy/.m2/repository/org/eclipse/jetty/jetty-util/9.4.11.v20180605/jetty-util-9.4.11.v20180605.jar:/Users/lynettemidy/.m2/repository/org/eclipse/jetty/jetty-io/9.4.11.v20180605/jetty-io-9.4.11.v20180605.jar:/Users/lynettemidy/.m2/repository/org/eclipse/jetty/websocket/websocket-common/9.4.11.v20180605/websocket-common-9.4.11.v20180605.jar:/Users/lynettemidy/.m2/repository/org/eclipse/jetty/websocket/websocket-api/9.4.11.v20180605/websocket-api-9.4.11.v20180605.jar:/Users/lynettemidy/.m2/repository/org/yaml/snakeyaml/1.19/snakeyaml-1.19.jar:, user.name=lynettemidy, java.vm.specification.version=1.8, sun.java.command=/Users/lynettemidy/Documents/Projects/chatroomFinal/target/surefire/surefirebooter1020350596626603598.jar /Users/lynettemidy/Documents/Projects/chatroomFinal/target/surefire 2019-11-30T12-53-24_339-jvmRun1 surefire8998078712027081198tmp surefire_07948246922158919893tmp, java.home=/Library/Java/JavaVirtualMachines/jdk1.8.0_231.jdk/Contents/Home/jre, sun.arch.data.model=64, user.language=en, java.specification.vendor=Oracle Corporation, awt.toolkit=sun.lwawt.macosx.LWCToolkit, java.vm.info=mixed mode, java.version=1.8.0_231, java.ext.dirs=/Users/lynettemidy/Library/Java/Extensions:/Library/Java/JavaVirtualMachines/jdk1.8.0_231.jdk/Contents/Home/jre/lib/ext:/Library/Java/Extensions:/Network/Library/Java/Extensions:/System/Library/Java/Extensions:/usr/lib/java, sun.boot.class.path=/Library/Java/JavaVirtualMachines/jdk1.8.0_231.jdk/Contents/Home/jre/lib/resources.jar:/Library/Java/JavaVirtualMachines/jdk1.8.0_231.jdk/Contents/Home/jre/lib/rt.jar:/Library/Java/JavaVirtualMachines/jdk1.8.0_231.jdk/Contents/Home/jre/lib/sunrsasign.jar:/Library/Java/JavaVirtualMachines/jdk1.8.0_231.jdk/Contents/Home/jre/lib/jsse.jar:/Library/Java/JavaVirtualMachines/jdk1.8.0_231.jdk/Contents/Home/jre/lib/jce.jar:/Library/Java/JavaVirtualMachines/jdk1.8.0_231.jdk/Contents/Home/jre/lib/charsets.jar:/Library/Java/JavaVirtualMachines/jdk1.8.0_231.jdk/Contents/Home/jre/lib/jfr.jar:/Library/Java/JavaVirtualMachines/jdk1.8.0_231.jdk/Contents/Home/jre/classes, java.vendor=Oracle Corporation, localRepository=/Users/lynettemidy/.m2/repository, file.separator=/, java.vendor.url.bug=http://bugreport.sun.com/bugreport/, sun.io.unicode.encoding=UnicodeBig, sun.cpu.endian=little, socksNonProxyHosts=local|*.local|169.254/16|*.169.254/16, ftp.nonProxyHosts=local|*.local|169.254/16|*.169.254/16, sun.cpu.isalist=}}, SystemEnvironmentPropertySource@2039810346 {name='systemEnvironment', properties={PATH=/usr/local/bin:/usr/bin:/bin:/usr/sbin:/sbin:/Library/Frameworks/Mono.framework/Versions/Current/Commands, SHELL=/bin/bash, OLDPWD=/Users/lynettemidy/Documents/Projects/chatroomFinal, VERSIONER_PYTHON_PREFER_32_BIT=no, USER=lynettemidy, TMPDIR=/var/folders/82/mlx7z_xx2ln2gsvx3_6twbbm0000gn/T/, SSH_AUTH_SOCK=/private/tmp/com.apple.launchd.WOT0rceFif/Listeners, XPC_FLAGS=0x0, JAVA_MAIN_CLASS_90182=org.codehaus.classworlds.Launcher, VERSIONER_PYTHON_VERSION=2.7, JAVA_MAIN_CLASS_90184=org.apache.maven.surefire.booter.ForkedBooter, __CF_USER_TEXT_ENCODING=0x1F5:0x0:0x0, Apple_PubSub_Socket_Render=/private/tmp/com.apple.launchd.ozJWiBzq9Z/Render, LOGNAME=lynettemidy, LC_CTYPE=en_US.UTF-8, XPC_SERVICE_NAME=0, PWD=/Users/lynettemidy/Documents/Projects/chatroomFinal, HOME=/Users/lynettemidy, SHLVL=1, _=/Library/Java/JavaVirtualMachines/jdk1.8.0_231.jdk/Contents/Home/jre/bin/java}}]
12:53:30.085 [main] DEBUG org.springframework.web.context.support.StandardServletEnvironment - Activating profiles []
12:53:30.085 [main] DEBUG org.springframework.test.context.web.AnnotationConfigWebContextLoader - Registering annotated classes: {class edu.udacity.java.nano.config.WebSocketConfig}
12:53:30.123 [main] DEBUG org.springframework.beans.factory.support.DefaultListableBeanFactory - Registering scope 'webDriver' with implementation [org.springframework.boot.test.autoconfigure.web.servlet.WebDriverScope@1b1473ab]
12:53:30.127 [main] INFO org.springframework.web.context.support.GenericWebApplicationContext - Refreshing org.springframework.web.context.support.GenericWebApplicationContext@4d826d77: startup date [Sat Nov 30 12:53:30 CST 2019]; root of context hierarchy
12:53:30.130 [main] DEBUG org.springframework.web.context.support.StandardServletEnvironment - Replacing PropertySource 'servletContextInitParams' with 'servletContextInitParams'
12:53:30.130 [main] DEBUG org.springframework.web.context.support.GenericWebApplicationContext - Bean factory for org.springframework.web.context.support.GenericWebApplicationContext@4d826d77: org.springframework.beans.factory.support.DefaultListableBeanFactory@6fe7aac8: defining beans [org.springframework.context.annotation.internalConfigurationAnnotationProcessor,org.springframework.context.annotation.internalAutowiredAnnotationProcessor,org.springframework.context.annotation.internalRequiredAnnotationProcessor,org.springframework.context.annotation.internalCommonAnnotationProcessor,org.springframework.context.event.internalEventListenerProcessor,org.springframework.context.event.internalEventListenerFactory,webSocketConfig,org.springframework.boot.test.mock.mockito.MockitoPostProcessor$SpyPostProcessor,org.springframework.boot.test.mock.mockito.MockitoPostProcessor]; root of factory hierarchy
12:53:30.142 [main] DEBUG org.springframework.beans.factory.support.DefaultListableBeanFactory - Registering scope 'request' with implementation [org.springframework.web.context.request.RequestScope@76508ed1]
12:53:30.142 [main] DEBUG org.springframework.beans.factory.support.DefaultListableBeanFactory - Registering scope 'session' with implementation [org.springframework.web.context.request.SessionScope@3d74bf60]
12:53:30.142 [main] DEBUG org.springframework.beans.factory.support.DefaultListableBeanFactory - Registering scope 'application' with implementation [org.springframework.web.context.support.ServletContextScope@2145b572]
12:53:30.152 [main] DEBUG org.springframework.beans.factory.support.DefaultListableBeanFactory - Creating shared instance of singleton bean 'org.springframework.context.annotation.internalConfigurationAnnotationProcessor'
12:53:30.152 [main] DEBUG org.springframework.beans.factory.support.DefaultListableBeanFactory - Creating instance of bean 'org.springframework.context.annotation.internalConfigurationAnnotationProcessor'
12:53:30.174 [main] DEBUG org.springframework.beans.factory.support.DefaultListableBeanFactory - Eagerly caching bean 'org.springframework.context.annotation.internalConfigurationAnnotationProcessor' to allow for resolving potential circular references
12:53:30.177 [main] DEBUG org.springframework.beans.factory.support.DefaultListableBeanFactory - Finished creating instance of bean 'org.springframework.context.annotation.internalConfigurationAnnotationProcessor'
12:53:30.207 [main] DEBUG org.springframework.context.annotation.ConfigurationClassBeanDefinitionReader - Registering bean definition for @Bean method edu.udacity.java.nano.config.WebSocketConfig.serverEndpointExporter()
12:53:30.291 [main] DEBUG org.springframework.context.annotation.ConfigurationClassEnhancer - Successfully enhanced edu.udacity.java.nano.config.WebSocketConfig; enhanced class name is: edu.udacity.java.nano.config.WebSocketConfig$$EnhancerBySpringCGLIB$$d2f9861a
12:53:30.291 [main] DEBUG org.springframework.context.annotation.ConfigurationClassPostProcessor - Replacing bean definition 'webSocketConfig' existing class 'edu.udacity.java.nano.config.WebSocketConfig' with enhanced class 'edu.udacity.java.nano.config.WebSocketConfig$$EnhancerBySpringCGLIB$$d2f9861a'
12:53:30.293 [main] DEBUG org.springframework.beans.factory.support.DefaultListableBeanFactory - Creating shared instance of singleton bean 'org.springframework.boot.test.mock.mockito.MockitoPostProcessor'
12:53:30.293 [main] DEBUG org.springframework.beans.factory.support.DefaultListableBeanFactory - Creating instance of bean 'org.springframework.boot.test.mock.mockito.MockitoPostProcessor'
12:53:30.308 [main] DEBUG org.springframework.beans.factory.support.DefaultListableBeanFactory - Eagerly caching bean 'org.springframework.boot.test.mock.mockito.MockitoPostProcessor' to allow for resolving potential circular references
12:53:30.326 [main] DEBUG org.springframework.beans.factory.support.DefaultListableBeanFactory - Finished creating instance of bean 'org.springframework.boot.test.mock.mockito.MockitoPostProcessor'
12:53:30.328 [main] DEBUG org.springframework.beans.factory.support.DefaultListableBeanFactory - Creating shared instance of singleton bean 'org.springframework.context.annotation.internalAutowiredAnnotationProcessor'
12:53:30.328 [main] DEBUG org.springframework.beans.factory.support.DefaultListableBeanFactory - Creating instance of bean 'org.springframework.context.annotation.internalAutowiredAnnotationProcessor'
12:53:30.329 [main] DEBUG org.springframework.beans.factory.support.DefaultListableBeanFactory - Eagerly caching bean 'org.springframework.context.annotation.internalAutowiredAnnotationProcessor' to allow for resolving potential circular references
12:53:30.332 [main] DEBUG org.springframework.beans.factory.support.DefaultListableBeanFactory - Finished creating instance of bean 'org.springframework.context.annotation.internalAutowiredAnnotationProcessor'
12:53:30.332 [main] DEBUG org.springframework.beans.factory.support.DefaultListableBeanFactory - Creating shared instance of singleton bean 'org.springframework.context.annotation.internalRequiredAnnotationProcessor'
12:53:30.332 [main] DEBUG org.springframework.beans.factory.support.DefaultListableBeanFactory - Creating instance of bean 'org.springframework.context.annotation.internalRequiredAnnotationProcessor'
12:53:30.333 [main] DEBUG org.springframework.beans.factory.support.DefaultListableBeanFactory - Eagerly caching bean 'org.springframework.context.annotation.internalRequiredAnnotationProcessor' to allow for resolving potential circular references
12:53:30.334 [main] DEBUG org.springframework.beans.factory.support.DefaultListableBeanFactory - Finished creating instance of bean 'org.springframework.context.annotation.internalRequiredAnnotationProcessor'
12:53:30.334 [main] DEBUG org.springframework.beans.factory.support.DefaultListableBeanFactory - Creating shared instance of singleton bean 'org.springframework.context.annotation.internalCommonAnnotationProcessor'
12:53:30.334 [main] DEBUG org.springframework.beans.factory.support.DefaultListableBeanFactory - Creating instance of bean 'org.springframework.context.annotation.internalCommonAnnotationProcessor'
12:53:30.337 [main] DEBUG org.springframework.beans.factory.support.DefaultListableBeanFactory - Eagerly caching bean 'org.springframework.context.annotation.internalCommonAnnotationProcessor' to allow for resolving potential circular references
12:53:30.341 [main] DEBUG org.springframework.beans.factory.support.DefaultListableBeanFactory - Finished creating instance of bean 'org.springframework.context.annotation.internalCommonAnnotationProcessor'
12:53:30.341 [main] DEBUG org.springframework.beans.factory.support.DefaultListableBeanFactory - Creating shared instance of singleton bean 'org.springframework.boot.test.mock.mockito.MockitoPostProcessor$SpyPostProcessor'
12:53:30.341 [main] DEBUG org.springframework.beans.factory.support.DefaultListableBeanFactory - Creating instance of bean 'org.springframework.boot.test.mock.mockito.MockitoPostProcessor$SpyPostProcessor'
12:53:30.349 [main] DEBUG org.springframework.beans.factory.support.DefaultListableBeanFactory - Returning cached instance of singleton bean 'org.springframework.boot.test.mock.mockito.MockitoPostProcessor'
12:53:30.350 [main] DEBUG org.springframework.beans.factory.support.DefaultListableBeanFactory - Eagerly caching bean 'org.springframework.boot.test.mock.mockito.MockitoPostProcessor$SpyPostProcessor' to allow for resolving potential circular references
12:53:30.352 [main] DEBUG org.springframework.beans.factory.support.DefaultListableBeanFactory - Finished creating instance of bean 'org.springframework.boot.test.mock.mockito.MockitoPostProcessor$SpyPostProcessor'
12:53:30.352 [main] DEBUG org.springframework.beans.factory.support.DefaultListableBeanFactory - Returning cached instance of singleton bean 'org.springframework.boot.test.mock.mockito.MockitoPostProcessor'
12:53:30.352 [main] DEBUG org.springframework.beans.factory.support.DefaultListableBeanFactory - Returning cached instance of singleton bean 'org.springframework.boot.test.autoconfigure.properties.PropertyMappingContextCustomizer$PropertyMappingCheckBeanPostProcessor'
12:53:30.354 [main] DEBUG org.springframework.web.context.support.GenericWebApplicationContext - Unable to locate MessageSource with name 'messageSource': using default [org.springframework.context.support.DelegatingMessageSource@14555e0a]
12:53:30.355 [main] DEBUG org.springframework.web.context.support.GenericWebApplicationContext - Unable to locate ApplicationEventMulticaster with name 'applicationEventMulticaster': using default [org.springframework.context.event.SimpleApplicationEventMulticaster@4d5b6aac]
12:53:30.357 [main] DEBUG org.springframework.ui.context.support.UiApplicationContextUtils - Unable to locate ThemeSource with name 'themeSource': using default [org.springframework.ui.context.support.ResourceBundleThemeSource@1b1426f4]
12:53:30.358 [main] DEBUG org.springframework.beans.factory.support.DefaultListableBeanFactory - Pre-instantiating singletons in org.springframework.beans.factory.support.DefaultListableBeanFactory@6fe7aac8: defining beans [org.springframework.context.annotation.internalConfigurationAnnotationProcessor,org.springframework.context.annotation.internalAutowiredAnnotationProcessor,org.springframework.context.annotation.internalRequiredAnnotationProcessor,org.springframework.context.annotation.internalCommonAnnotationProcessor,org.springframework.context.event.internalEventListenerProcessor,org.springframework.context.event.internalEventListenerFactory,webSocketConfig,org.springframework.boot.test.mock.mockito.MockitoPostProcessor$SpyPostProcessor,org.springframework.boot.test.mock.mockito.MockitoPostProcessor,serverEndpointExporter]; root of factory hierarchy
12:53:30.358 [main] DEBUG org.springframework.beans.factory.support.DefaultListableBeanFactory - Returning cached instance of singleton bean 'org.springframework.context.annotation.internalConfigurationAnnotationProcessor'
12:53:30.358 [main] DEBUG org.springframework.beans.factory.support.DefaultListableBeanFactory - Returning cached instance of singleton bean 'org.springframework.context.annotation.internalAutowiredAnnotationProcessor'
12:53:30.358 [main] DEBUG org.springframework.beans.factory.support.DefaultListableBeanFactory - Returning cached instance of singleton bean 'org.springframework.context.annotation.internalRequiredAnnotationProcessor'
12:53:30.358 [main] DEBUG org.springframework.beans.factory.support.DefaultListableBeanFactory - Returning cached instance of singleton bean 'org.springframework.context.annotation.internalCommonAnnotationProcessor'
12:53:30.358 [main] DEBUG org.springframework.beans.factory.support.DefaultListableBeanFactory - Creating shared instance of singleton bean 'org.springframework.context.event.internalEventListenerProcessor'
12:53:30.358 [main] DEBUG org.springframework.beans.factory.support.DefaultListableBeanFactory - Creating instance of bean 'org.springframework.context.event.internalEventListenerProcessor'
12:53:30.364 [main] DEBUG org.springframework.beans.factory.support.DefaultListableBeanFactory - Eagerly caching bean 'org.springframework.context.event.internalEventListenerProcessor' to allow for resolving potential circular references
12:53:30.368 [main] DEBUG org.springframework.beans.factory.support.DefaultListableBeanFactory - Finished creating instance of bean 'org.springframework.context.event.internalEventListenerProcessor'
12:53:30.368 [main] DEBUG org.springframework.beans.factory.support.DefaultListableBeanFactory - Creating shared instance of singleton bean 'org.springframework.context.event.internalEventListenerFactory'
12:53:30.368 [main] DEBUG org.springframework.beans.factory.support.DefaultListableBeanFactory - Creating instance of bean 'org.springframework.context.event.internalEventListenerFactory'
12:53:30.368 [main] DEBUG org.springframework.beans.factory.support.DefaultListableBeanFactory - Eagerly caching bean 'org.springframework.context.event.internalEventListenerFactory' to allow for resolving potential circular references
12:53:30.371 [main] DEBUG org.springframework.beans.factory.support.DefaultListableBeanFactory - Finished creating instance of bean 'org.springframework.context.event.internalEventListenerFactory'
12:53:30.371 [main] DEBUG org.springframework.beans.factory.support.DefaultListableBeanFactory - Creating shared instance of singleton bean 'webSocketConfig'
12:53:30.371 [main] DEBUG org.springframework.beans.factory.support.DefaultListableBeanFactory - Creating instance of bean 'webSocketConfig'
12:53:30.371 [main] DEBUG org.springframework.beans.factory.support.DefaultListableBeanFactory - Eagerly caching bean 'webSocketConfig' to allow for resolving potential circular references
12:53:30.375 [main] DEBUG org.springframework.beans.factory.support.DefaultListableBeanFactory - Finished creating instance of bean 'webSocketConfig'
12:53:30.375 [main] DEBUG org.springframework.beans.factory.support.DefaultListableBeanFactory - Returning cached instance of singleton bean 'org.springframework.boot.test.mock.mockito.MockitoPostProcessor$SpyPostProcessor'
12:53:30.375 [main] DEBUG org.springframework.beans.factory.support.DefaultListableBeanFactory - Returning cached instance of singleton bean 'org.springframework.boot.test.mock.mockito.MockitoPostProcessor'
12:53:30.375 [main] DEBUG org.springframework.beans.factory.support.DefaultListableBeanFactory - Creating shared instance of singleton bean 'serverEndpointExporter'
12:53:30.375 [main] DEBUG org.springframework.beans.factory.support.DefaultListableBeanFactory - Creating instance of bean 'serverEndpointExporter'
12:53:30.375 [main] DEBUG org.springframework.beans.factory.support.DefaultListableBeanFactory - Returning cached instance of singleton bean 'webSocketConfig'
12:53:30.390 [main] DEBUG org.springframework.beans.factory.support.DefaultListableBeanFactory - Eagerly caching bean 'serverEndpointExporter' to allow for resolving potential circular references
12:53:30.395 [main] DEBUG org.springframework.beans.factory.support.DefaultListableBeanFactory - Invoking afterPropertiesSet() on bean with name 'serverEndpointExporter'
12:53:30.395 [main] DEBUG org.springframework.beans.factory.support.DefaultListableBeanFactory - Finished creating instance of bean 'serverEndpointExporter'
12:53:30.395 [main] DEBUG org.springframework.beans.factory.support.DefaultListableBeanFactory - Returning cached instance of singleton bean 'org.springframework.context.event.internalEventListenerFactory'
12:53:30.421 [main] DEBUG org.springframework.web.context.support.GenericWebApplicationContext - Unable to locate LifecycleProcessor with name 'lifecycleProcessor': using default [org.springframework.context.support.DefaultLifecycleProcessor@4659191b]
12:53:30.421 [main] DEBUG org.springframework.beans.factory.support.DefaultListableBeanFactory - Returning cached instance of singleton bean 'lifecycleProcessor'
12:53:30.426 [main] DEBUG org.springframework.core.env.PropertySourcesPropertyResolver - Could not find key 'spring.liveBeansView.mbeanDomain' in any property source
12:53:30.430 [main] DEBUG org.springframework.test.context.cache.DefaultCacheAwareContextLoaderDelegate - Storing ApplicationContext in cache under key [[WebMergedContextConfiguration@49070868 testClass = ChatWebSocketServerTest, locations = '{}', classes = '{class edu.udacity.java.nano.config.WebSocketConfig}', contextInitializerClasses = '[]', activeProfiles = '{}', propertySourceLocations = '{}', propertySourceProperties = '{}', contextCustomizers = set[org.springframework.boot.test.context.filter.ExcludeFilterContextCustomizer@4cf4d528, org.springframework.boot.test.json.DuplicateJsonObjectContextCustomizerFactory$DuplicateJsonObjectContextCustomizer@2641e737, org.springframework.boot.test.mock.mockito.MockitoContextCustomizer@0, org.springframework.boot.test.autoconfigure.properties.PropertyMappingContextCustomizer@0, org.springframework.boot.test.autoconfigure.web.servlet.WebDriverContextCustomizerFactory$Customizer@6483f5ae, org.springframework.test.context.web.socket.MockServerContainerContextCustomizer@73d4cc9e], resourceBasePath = 'src/main/webapp', contextLoader = 'org.springframework.test.context.web.WebDelegatingSmartContextLoader', parent = [null]]]
12:53:30.430 [main] DEBUG org.springframework.test.context.cache - Spring test ApplicationContext cache statistics: [DefaultContextCache@771a660 size = 1, maxSize = 32, parentContextCount = 0, hitCount = 0, missCount = 1]
12:53:30.431 [main] DEBUG org.springframework.test.context.web.ServletTestExecutionListener - Setting up MockHttpServletRequest, MockHttpServletResponse, ServletWebRequest, and RequestContextHolder for test context [DefaultTestContext@27c6e487 testClass = ChatWebSocketServerTest, testInstance = edu.udacity.java.nano.server.ChatWebSocketServerTest@942a29c, testMethod = [null], testException = [null], mergedContextConfiguration = [WebMergedContextConfiguration@49070868 testClass = ChatWebSocketServerTest, locations = '{}', classes = '{class edu.udacity.java.nano.config.WebSocketConfig}', contextInitializerClasses = '[]', activeProfiles = '{}', propertySourceLocations = '{}', propertySourceProperties = '{}', contextCustomizers = set[org.springframework.boot.test.context.filter.ExcludeFilterContextCustomizer@4cf4d528, org.springframework.boot.test.json.DuplicateJsonObjectContextCustomizerFactory$DuplicateJsonObjectContextCustomizer@2641e737, org.springframework.boot.test.mock.mockito.MockitoContextCustomizer@0, org.springframework.boot.test.autoconfigure.properties.PropertyMappingContextCustomizer@0, org.springframework.boot.test.autoconfigure.web.servlet.WebDriverContextCustomizerFactory$Customizer@6483f5ae, org.springframework.test.context.web.socket.MockServerContainerContextCustomizer@73d4cc9e], resourceBasePath = 'src/main/webapp', contextLoader = 'org.springframework.test.context.web.WebDelegatingSmartContextLoader', parent = [null]], attributes = map[[empty]]].
12:53:30.451 [main] DEBUG org.springframework.test.context.support.DependencyInjectionTestExecutionListener - Performing dependency injection for test context [[DefaultTestContext@27c6e487 testClass = ChatWebSocketServerTest, testInstance = edu.udacity.java.nano.server.ChatWebSocketServerTest@942a29c, testMethod = [null], testException = [null], mergedContextConfiguration = [WebMergedContextConfiguration@49070868 testClass = ChatWebSocketServerTest, locations = '{}', classes = '{class edu.udacity.java.nano.config.WebSocketConfig}', contextInitializerClasses = '[]', activeProfiles = '{}', propertySourceLocations = '{}', propertySourceProperties = '{}', contextCustomizers = set[org.springframework.boot.test.context.filter.ExcludeFilterContextCustomizer@4cf4d528, org.springframework.boot.test.json.DuplicateJsonObjectContextCustomizerFactory$DuplicateJsonObjectContextCustomizer@2641e737, org.springframework.boot.test.mock.mockito.MockitoContextCustomizer@0, org.springframework.boot.test.autoconfigure.properties.PropertyMappingContextCustomizer@0, org.springframework.boot.test.autoconfigure.web.servlet.WebDriverContextCustomizerFactory$Customizer@6483f5ae, org.springframework.test.context.web.socket.MockServerContainerContextCustomizer@73d4cc9e], resourceBasePath = 'src/main/webapp', contextLoader = 'org.springframework.test.context.web.WebDelegatingSmartContextLoader', parent = [null]], attributes = map['org.springframework.test.context.web.ServletTestExecutionListener.populatedRequestContextHolder' -> true, 'org.springframework.test.context.web.ServletTestExecutionListener.resetRequestContextHolder' -> true]]].
12:53:30.452 [main] DEBUG org.springframework.test.context.cache.DefaultCacheAwareContextLoaderDelegate - Retrieved ApplicationContext from cache with key [[WebMergedContextConfiguration@49070868 testClass = ChatWebSocketServerTest, locations = '{}', classes = '{class edu.udacity.java.nano.config.WebSocketConfig}', contextInitializerClasses = '[]', activeProfiles = '{}', propertySourceLocations = '{}', propertySourceProperties = '{}', contextCustomizers = set[org.springframework.boot.test.context.filter.ExcludeFilterContextCustomizer@4cf4d528, org.springframework.boot.test.json.DuplicateJsonObjectContextCustomizerFactory$DuplicateJsonObjectContextCustomizer@2641e737, org.springframework.boot.test.mock.mockito.MockitoContextCustomizer@0, org.springframework.boot.test.autoconfigure.properties.PropertyMappingContextCustomizer@0, org.springframework.boot.test.autoconfigure.web.servlet.WebDriverContextCustomizerFactory$Customizer@6483f5ae, org.springframework.test.context.web.socket.MockServerContainerContextCustomizer@73d4cc9e], resourceBasePath = 'src/main/webapp', contextLoader = 'org.springframework.test.context.web.WebDelegatingSmartContextLoader', parent = [null]]]
12:53:30.452 [main] DEBUG org.springframework.test.context.cache - Spring test ApplicationContext cache statistics: [DefaultContextCache@771a660 size = 1, maxSize = 32, parentContextCount = 0, hitCount = 1, missCount = 1]
12:53:30.458 [main] DEBUG org.springframework.test.context.support.AbstractDirtiesContextTestExecutionListener - Before test method: context [DefaultTestContext@27c6e487 testClass = ChatWebSocketServerTest, testInstance = edu.udacity.java.nano.server.ChatWebSocketServerTest@942a29c, testMethod = logout@ChatWebSocketServerTest, testException = [null], mergedContextConfiguration = [WebMergedContextConfiguration@49070868 testClass = ChatWebSocketServerTest, locations = '{}', classes = '{class edu.udacity.java.nano.config.WebSocketConfig}', contextInitializerClasses = '[]', activeProfiles = '{}', propertySourceLocations = '{}', propertySourceProperties = '{}', contextCustomizers = set[org.springframework.boot.test.context.filter.ExcludeFilterContextCustomizer@4cf4d528, org.springframework.boot.test.json.DuplicateJsonObjectContextCustomizerFactory$DuplicateJsonObjectContextCustomizer@2641e737, org.springframework.boot.test.mock.mockito.MockitoContextCustomizer@0, org.springframework.boot.test.autoconfigure.properties.PropertyMappingContextCustomizer@0, org.springframework.boot.test.autoconfigure.web.servlet.WebDriverContextCustomizerFactory$Customizer@6483f5ae, org.springframework.test.context.web.socket.MockServerContainerContextCustomizer@73d4cc9e], resourceBasePath = 'src/main/webapp', contextLoader = 'org.springframework.test.context.web.WebDelegatingSmartContextLoader', parent = [null]], attributes = map['org.springframework.test.context.web.ServletTestExecutionListener.populatedRequestContextHolder' -> true, 'org.springframework.test.context.web.ServletTestExecutionListener.resetRequestContextHolder' -> true]], class annotated with @DirtiesContext [false] with mode [null], method annotated with @DirtiesContext [false] with mode [null].
12:53:30.458 [main] DEBUG org.springframework.test.context.cache.DefaultCacheAwareContextLoaderDelegate - Retrieved ApplicationContext from cache with key [[WebMergedContextConfiguration@49070868 testClass = ChatWebSocketServerTest, locations = '{}', classes = '{class edu.udacity.java.nano.config.WebSocketConfig}', contextInitializerClasses = '[]', activeProfiles = '{}', propertySourceLocations = '{}', propertySourceProperties = '{}', contextCustomizers = set[org.springframework.boot.test.context.filter.ExcludeFilterContextCustomizer@4cf4d528, org.springframework.boot.test.json.DuplicateJsonObjectContextCustomizerFactory$DuplicateJsonObjectContextCustomizer@2641e737, org.springframework.boot.test.mock.mockito.MockitoContextCustomizer@0, org.springframework.boot.test.autoconfigure.properties.PropertyMappingContextCustomizer@0, org.springframework.boot.test.autoconfigure.web.servlet.WebDriverContextCustomizerFactory$Customizer@6483f5ae, org.springframework.test.context.web.socket.MockServerContainerContextCustomizer@73d4cc9e], resourceBasePath = 'src/main/webapp', contextLoader = 'org.springframework.test.context.web.WebDelegatingSmartContextLoader', parent = [null]]]
12:53:30.458 [main] DEBUG org.springframework.test.context.cache - Spring test ApplicationContext cache statistics: [DefaultContextCache@771a660 size = 1, maxSize = 32, parentContextCount = 0, hitCount = 2, missCount = 1]
12:53:30.544 [main] DEBUG org.springframework.beans.factory.support.DefaultListableBeanFactory - Returning cached instance of singleton bean 'org.springframework.boot.test.mock.mockito.MockitoBeans'
12:53:31.219 [main] DEBUG com.gargoylesoftware.htmlunit.WebClient - Get page for window named '', using WebRequest[<url="about:blank", GET, EncodingType[name=application/x-www-form-urlencoded], [], {Accept=text/html,application/xhtml+xml,application/xml;q=0.9,image/webp,image/apng,*/*;q=0.8, Accept-Encoding=gzip, deflate}, null>]
12:53:31.259 [main] DEBUG com.gargoylesoftware.htmlunit.WebWindowImpl - setEnclosedPage: HtmlPage(about:blank)@1539038539
12:53:31.259 [main] DEBUG com.gargoylesoftware.htmlunit.WebWindowImpl - destroyChildren
12:53:31.486 [main] DEBUG com.gargoylesoftware.htmlunit.util.EncodingSniffer - Encoding found in HTTP headers: 'UTF-8'.
12:53:31.500 [main] DEBUG com.gargoylesoftware.htmlunit.javascript.configuration.AbstractJavaScriptConfiguration - Mapping com.gargoylesoftware.htmlunit.svg.SvgForeignObject to SVGForeignObjectElement
12:53:31.500 [main] DEBUG com.gargoylesoftware.htmlunit.javascript.configuration.AbstractJavaScriptConfiguration - Mapping java.lang.Object to ApplicationCache
12:53:31.500 [main] DEBUG com.gargoylesoftware.htmlunit.javascript.configuration.AbstractJavaScriptConfiguration - Mapping com.gargoylesoftware.htmlunit.svg.SvgFeDiffuseLighting to SVGFEDiffuseLightingElement
12:53:31.500 [main] DEBUG com.gargoylesoftware.htmlunit.javascript.configuration.AbstractJavaScriptConfiguration - Mapping com.gargoylesoftware.htmlunit.html.HtmlSpan to HTMLSpanElement
12:53:31.500 [main] DEBUG com.gargoylesoftware.htmlunit.javascript.configuration.AbstractJavaScriptConfiguration - Mapping com.gargoylesoftware.htmlunit.svg.SvgFeColorMatrix to SVGFEColorMatrixElement
12:53:31.500 [main] DEBUG com.gargoylesoftware.htmlunit.javascript.configuration.AbstractJavaScriptConfiguration - Mapping com.gargoylesoftware.htmlunit.html.HtmlDivision to HTMLDivElement
12:53:31.500 [main] DEBUG com.gargoylesoftware.htmlunit.javascript.configuration.AbstractJavaScriptConfiguration - Mapping com.gargoylesoftware.htmlunit.html.HtmlTime to HTMLTimeElement
12:53:31.500 [main] DEBUG com.gargoylesoftware.htmlunit.javascript.configuration.AbstractJavaScriptConfiguration - Mapping com.gargoylesoftware.htmlunit.svg.SvgFeDistantLight to SVGFEDistantLightElement
12:53:31.500 [main] DEBUG com.gargoylesoftware.htmlunit.javascript.configuration.AbstractJavaScriptConfiguration - Mapping com.gargoylesoftware.htmlunit.html.HtmlFrameSet to HTMLFrameSetElement
12:53:31.500 [main] DEBUG com.gargoylesoftware.htmlunit.javascript.configuration.AbstractJavaScriptConfiguration - Mapping com.gargoylesoftware.htmlunit.html.HtmlOption to HTMLOptionElement
12:53:31.500 [main] DEBUG com.gargoylesoftware.htmlunit.javascript.configuration.AbstractJavaScriptConfiguration - Mapping com.gargoylesoftware.htmlunit.svg.SvgFeFlood to SVGFEFloodElement
12:53:31.500 [main] DEBUG com.gargoylesoftware.htmlunit.javascript.configuration.AbstractJavaScriptConfiguration - Mapping com.gargoylesoftware.htmlunit.html.HtmlBase to HTMLBaseElement
12:53:31.501 [main] DEBUG com.gargoylesoftware.htmlunit.javascript.configuration.AbstractJavaScriptConfiguration - Mapping com.gargoylesoftware.htmlunit.html.HtmlMap to HTMLMapElement
12:53:31.501 [main] DEBUG com.gargoylesoftware.htmlunit.javascript.configuration.AbstractJavaScriptConfiguration - Mapping com.gargoylesoftware.htmlunit.html.HtmlSelect to HTMLSelectElement
12:53:31.501 [main] DEBUG com.gargoylesoftware.htmlunit.javascript.configuration.AbstractJavaScriptConfiguration - Mapping com.gargoylesoftware.htmlunit.svg.SvgMetadata to SVGMetadataElement
12:53:31.501 [main] DEBUG com.gargoylesoftware.htmlunit.javascript.configuration.AbstractJavaScriptConfiguration - Mapping com.gargoylesoftware.htmlunit.svg.SvgUse to SVGUseElement
12:53:31.501 [main] DEBUG com.gargoylesoftware.htmlunit.javascript.configuration.AbstractJavaScriptConfiguration - Mapping com.gargoylesoftware.htmlunit.html.HtmlHorizontalRule to HTMLHRElement
12:53:31.502 [main] DEBUG com.gargoylesoftware.htmlunit.javascript.configuration.AbstractJavaScriptConfiguration - Mapping com.gargoylesoftware.htmlunit.svg.SvgRadialGradient to SVGRadialGradientElement
12:53:31.503 [main] DEBUG com.gargoylesoftware.htmlunit.javascript.configuration.AbstractJavaScriptConfiguration - Mapping com.gargoylesoftware.htmlunit.svg.SvgFeMergeNode to SVGFEMergeNodeElement
12:53:31.503 [main] DEBUG com.gargoylesoftware.htmlunit.javascript.configuration.AbstractJavaScriptConfiguration - Mapping com.gargoylesoftware.htmlunit.html.HtmlDialog to HTMLDialogElement
12:53:31.503 [main] DEBUG com.gargoylesoftware.htmlunit.javascript.configuration.AbstractJavaScriptConfiguration - Mapping com.gargoylesoftware.htmlunit.html.HtmlTemplate to HTMLTemplateElement
12:53:31.504 [main] DEBUG com.gargoylesoftware.htmlunit.javascript.configuration.AbstractJavaScriptConfiguration - Mapping com.gargoylesoftware.htmlunit.html.HtmlDirectory to HTMLDirectoryElement
12:53:31.504 [main] DEBUG com.gargoylesoftware.htmlunit.javascript.configuration.AbstractJavaScriptConfiguration - Mapping java.lang.Object to XPathNSResolver
12:53:31.504 [main] DEBUG com.gargoylesoftware.htmlunit.javascript.configuration.AbstractJavaScriptConfiguration - Mapping com.gargoylesoftware.htmlunit.html.HtmlForm to HTMLFormElement
12:53:31.504 [main] DEBUG com.gargoylesoftware.htmlunit.javascript.configuration.AbstractJavaScriptConfiguration - Mapping com.gargoylesoftware.htmlunit.html.HtmlOutput to HTMLOutputElement
12:53:31.504 [main] DEBUG com.gargoylesoftware.htmlunit.javascript.configuration.AbstractJavaScriptConfiguration - Mapping com.gargoylesoftware.htmlunit.html.HtmlUnorderedList to HTMLUListElement
12:53:31.504 [main] DEBUG com.gargoylesoftware.htmlunit.javascript.configuration.AbstractJavaScriptConfiguration - Mapping com.gargoylesoftware.htmlunit.svg.SvgFeFuncA to SVGFEFuncAElement
12:53:31.504 [main] DEBUG com.gargoylesoftware.htmlunit.javascript.configuration.AbstractJavaScriptConfiguration - Mapping java.lang.Object to External
12:53:31.505 [main] DEBUG com.gargoylesoftware.htmlunit.javascript.configuration.AbstractJavaScriptConfiguration - Mapping com.gargoylesoftware.htmlunit.html.HtmlVideo to HTMLVideoElement
12:53:31.507 [main] DEBUG com.gargoylesoftware.htmlunit.javascript.configuration.AbstractJavaScriptConfiguration - Mapping com.gargoylesoftware.htmlunit.html.HtmlInlineFrame to HTMLIFrameElement
12:53:31.507 [main] DEBUG com.gargoylesoftware.htmlunit.javascript.configuration.AbstractJavaScriptConfiguration - Mapping com.gargoylesoftware.htmlunit.svg.SvgTextPath to SVGTextPathElement
12:53:31.507 [main] DEBUG com.gargoylesoftware.htmlunit.javascript.configuration.AbstractJavaScriptConfiguration - Mapping com.gargoylesoftware.htmlunit.html.HtmlBreak to HTMLBRElement
12:53:31.509 [main] DEBUG com.gargoylesoftware.htmlunit.javascript.configuration.AbstractJavaScriptConfiguration - Mapping com.gargoylesoftware.htmlunit.html.DomDocumentFragment to DocumentFragment
12:53:31.510 [main] DEBUG com.gargoylesoftware.htmlunit.javascript.configuration.AbstractJavaScriptConfiguration - Mapping com.gargoylesoftware.htmlunit.svg.SvgFeConvolveMatrix to SVGFEConvolveMatrixElement
12:53:31.510 [main] DEBUG com.gargoylesoftware.htmlunit.javascript.configuration.AbstractJavaScriptConfiguration - Mapping com.gargoylesoftware.htmlunit.svg.SvgPolygon to SVGPolygonElement
12:53:31.510 [main] DEBUG com.gargoylesoftware.htmlunit.javascript.configuration.AbstractJavaScriptConfiguration - Mapping com.gargoylesoftware.htmlunit.html.HtmlFrame to HTMLFrameElement
12:53:31.510 [main] DEBUG com.gargoylesoftware.htmlunit.javascript.configuration.AbstractJavaScriptConfiguration - Mapping com.gargoylesoftware.htmlunit.html.HtmlAnchor to HTMLAnchorElement
12:53:31.510 [main] DEBUG com.gargoylesoftware.htmlunit.javascript.configuration.AbstractJavaScriptConfiguration - Mapping com.gargoylesoftware.htmlunit.svg.SvgLinearGradient to SVGLinearGradientElement
12:53:31.510 [main] DEBUG com.gargoylesoftware.htmlunit.javascript.configuration.AbstractJavaScriptConfiguration - Mapping com.gargoylesoftware.htmlunit.svg.SvgFeComponentTransfer to SVGFEComponentTransferElement
12:53:31.511 [main] DEBUG com.gargoylesoftware.htmlunit.javascript.configuration.AbstractJavaScriptConfiguration - Mapping com.gargoylesoftware.htmlunit.html.HtmlTitle to HTMLTitleElement
12:53:31.511 [main] DEBUG com.gargoylesoftware.htmlunit.javascript.configuration.AbstractJavaScriptConfiguration - Mapping com.gargoylesoftware.htmlunit.svg.SvgPath to SVGPathElement
12:53:31.511 [main] DEBUG com.gargoylesoftware.htmlunit.javascript.configuration.AbstractJavaScriptConfiguration - Mapping com.gargoylesoftware.htmlunit.svg.SvgEllipse to SVGEllipseElement
12:53:31.511 [main] DEBUG com.gargoylesoftware.htmlunit.javascript.configuration.AbstractJavaScriptConfiguration - Mapping com.gargoylesoftware.htmlunit.html.HtmlDetails to HTMLDetailsElement
12:53:31.511 [main] DEBUG com.gargoylesoftware.htmlunit.javascript.configuration.AbstractJavaScriptConfiguration - Mapping com.gargoylesoftware.htmlunit.html.DomProcessingInstruction to ProcessingInstruction
12:53:31.511 [main] DEBUG com.gargoylesoftware.htmlunit.javascript.configuration.AbstractJavaScriptConfiguration - Mapping java.lang.Object to HTMLOptionsCollection
12:53:31.511 [main] DEBUG com.gargoylesoftware.htmlunit.javascript.configuration.AbstractJavaScriptConfiguration - Mapping com.gargoylesoftware.htmlunit.svg.SvgFeComposite to SVGFECompositeElement
12:53:31.511 [main] DEBUG com.gargoylesoftware.htmlunit.javascript.configuration.AbstractJavaScriptConfiguration - Mapping com.gargoylesoftware.htmlunit.html.HtmlMeta to HTMLMetaElement
12:53:31.511 [main] DEBUG com.gargoylesoftware.htmlunit.javascript.configuration.AbstractJavaScriptConfiguration - Mapping com.gargoylesoftware.htmlunit.svg.SvgMarker to SVGMarkerElement
12:53:31.511 [main] DEBUG com.gargoylesoftware.htmlunit.javascript.configuration.AbstractJavaScriptConfiguration - Mapping com.gargoylesoftware.htmlunit.svg.SvgDefs to SVGDefsElement
12:53:31.511 [main] DEBUG com.gargoylesoftware.htmlunit.javascript.configuration.AbstractJavaScriptConfiguration - Mapping com.gargoylesoftware.htmlunit.html.HtmlDataList to HTMLDataListElement
[...]
12:53:31.991 [main] DEBUG org.springframework.test.context.cache.DefaultCacheAwareContextLoaderDelegate - Retrieved ApplicationContext from cache with key [[WebMergedContextConfiguration@49070868 testClass = ChatWebSocketServerTest, locations = '{}', classes = '{class edu.udacity.java.nano.config.WebSocketConfig}', contextInitializerClasses = '[]', activeProfiles = '{}', propertySourceLocations = '{}', propertySourceProperties = '{}', contextCustomizers = set[org.springframework.boot.test.context.filter.ExcludeFilterContextCustomizer@4cf4d528, org.springframework.boot.test.json.DuplicateJsonObjectContextCustomizerFactory$DuplicateJsonObjectContextCustomizer@2641e737, org.springframework.boot.test.mock.mockito.MockitoContextCustomizer@0, org.springframework.boot.test.autoconfigure.properties.PropertyMappingContextCustomizer@0, org.springframework.boot.test.autoconfigure.web.servlet.WebDriverContextCustomizerFactory$Customizer@6483f5ae, org.springframework.test.context.web.socket.MockServerContainerContextCustomizer@73d4cc9e], resourceBasePath = 'src/main/webapp', contextLoader = 'org.springframework.test.context.web.WebDelegatingSmartContextLoader', parent = [null]]]
12:53:31.992 [main] DEBUG org.springframework.test.context.cache - Spring test ApplicationContext cache statistics: [DefaultContextCache@771a660 size = 1, maxSize = 32, parentContextCount = 0, hitCount = 15, missCount = 1]
12:53:31.992 [main] DEBUG org.springframework.test.context.support.AbstractDirtiesContextTestExecutionListener - Before test method: context [DefaultTestContext@27c6e487 testClass = ChatWebSocketServerTest, testInstance = edu.udacity.java.nano.server.ChatWebSocketServerTest@2e6ba49a, testMethod = chat@ChatWebSocketServerTest, testException = [null], mergedContextConfiguration = [WebMergedContextConfiguration@49070868 testClass = ChatWebSocketServerTest, locations = '{}', classes = '{class edu.udacity.java.nano.config.WebSocketConfig}', contextInitializerClasses = '[]', activeProfiles = '{}', propertySourceLocations = '{}', propertySourceProperties = '{}', contextCustomizers = set[org.springframework.boot.test.context.filter.ExcludeFilterContextCustomizer@4cf4d528, org.springframework.boot.test.json.DuplicateJsonObjectContextCustomizerFactory$DuplicateJsonObjectContextCustomizer@2641e737, org.springframework.boot.test.mock.mockito.MockitoContextCustomizer@0, org.springframework.boot.test.autoconfigure.properties.PropertyMappingContextCustomizer@0, org.springframework.boot.test.autoconfigure.web.servlet.WebDriverContextCustomizerFactory$Customizer@6483f5ae, org.springframework.test.context.web.socket.MockServerContainerContextCustomizer@73d4cc9e], resourceBasePath = 'src/main/webapp', contextLoader = 'org.springframework.test.context.web.WebDelegatingSmartContextLoader', parent = [null]], attributes = map['org.springframework.test.context.web.ServletTestExecutionListener.populatedRequestContextHolder' -> true, 'org.springframework.test.context.web.ServletTestExecutionListener.resetRequestContextHolder' -> true]], class annotated with @DirtiesContext [false] with mode [null], method annotated with @DirtiesContext [false] with mode [null].
12:53:31.992 [main] DEBUG org.springframework.test.context.cache.DefaultCacheAwareContextLoaderDelegate - Retrieved ApplicationContext from cache with key [[WebMergedContextConfiguration@49070868 testClass = ChatWebSocketServerTest, locations = '{}', classes = '{class edu.udacity.java.nano.config.WebSocketConfig}', contextInitializerClasses = '[]', activeProfiles = '{}', propertySourceLocations = '{}', propertySourceProperties = '{}', contextCustomizers = set[org.springframework.boot.test.context.filter.ExcludeFilterContextCustomizer@4cf4d528, org.springframework.boot.test.json.DuplicateJsonObjectContextCustomizerFactory$DuplicateJsonObjectContextCustomizer@2641e737, org.springframework.boot.test.mock.mockito.MockitoContextCustomizer@0, org.springframework.boot.test.autoconfigure.properties.PropertyMappingContextCustomizer@0, org.springframework.boot.test.autoconfigure.web.servlet.WebDriverContextCustomizerFactory$Customizer@6483f5ae, org.springframework.test.context.web.socket.MockServerContainerContextCustomizer@73d4cc9e], resourceBasePath = 'src/main/webapp', contextLoader = 'org.springframework.test.context.web.WebDelegatingSmartContextLoader', parent = [null]]]
12:53:31.992 [main] DEBUG org.springframework.test.context.cache - Spring test ApplicationContext cache statistics: [DefaultContextCache@771a660 size = 1, maxSize = 32, parentContextCount = 0, hitCount = 16, missCount = 1]
12:53:31.993 [main] DEBUG org.springframework.beans.factory.support.DefaultListableBeanFactory - Returning cached instance of singleton bean 'org.springframework.boot.test.mock.mockito.MockitoBeans'
12:53:31.993 [main] DEBUG com.gargoylesoftware.htmlunit.WebClient - Get page for window named '', using WebRequest[<url="about:blank", GET, EncodingType[name=application/x-www-form-urlencoded], [], {Accept=text/html,application/xhtml+xml,application/xml;q=0.9,image/webp,image/apng,*/*;q=0.8, Accept-Encoding=gzip, deflate}, null>]
12:53:31.993 [main] DEBUG com.gargoylesoftware.htmlunit.WebWindowImpl - setEnclosedPage: HtmlPage(about:blank)@1795468466
12:53:31.993 [main] DEBUG com.gargoylesoftware.htmlunit.WebWindowImpl - destroyChildren
12:53:32.005 [main] DEBUG com.gargoylesoftware.htmlunit.util.EncodingSniffer - Encoding found in HTTP headers: 'UTF-8'.
12:53:32.007 [Thread-3] DEBUG com.gargoylesoftware.htmlunit.html.DomElement - Firing Event beforeunload (Current Target: HTMLElement for HtmlHtml[<html>]);
12:53:32.007 [Thread-3] DEBUG com.gargoylesoftware.htmlunit.WebClient - Get page for window named '', using WebRequest[<url="http://localhost:8080/", GET, EncodingType[name=application/x-www-form-urlencoded], [], {Accept=text/html,application/xhtml+xml,application/xml;q=0.9,image/webp,image/apng,*/*;q=0.8, Accept-Encoding=gzip, deflate}, null>]
12:53:32.007 [Thread-3] DEBUG com.gargoylesoftware.htmlunit.WebClient - Load response for GET http://localhost:8080/
12:53:32.008 [Thread-3] DEBUG org.apache.http.client.protocol.RequestAddCookies - CookieSpec selected: mine
12:53:32.009 [Thread-3] DEBUG org.apache.http.impl.conn.PoolingHttpClientConnectionManager - Connection request: [route: {}->http://localhost:8080][total kept alive: 0; route allocated: 0 of 6; total allocated: 0 of 20]
12:53:32.009 [Thread-3] DEBUG org.apache.http.impl.conn.PoolingHttpClientConnectionManager - Connection leased: [id: 2][route: {}->http://localhost:8080][total kept alive: 0; route allocated: 1 of 6; total allocated: 1 of 20]
12:53:32.009 [Thread-3] DEBUG org.apache.http.impl.execchain.MainClientExec - Opening connection {}->http://localhost:8080
12:53:32.009 [Thread-3] DEBUG org.apache.http.impl.conn.DefaultHttpClientConnectionOperator - Connecting to localhost/127.0.0.1:8080
12:53:32.010 [Thread-3] DEBUG org.apache.http.impl.conn.DefaultHttpClientConnectionOperator - Connect to localhost/127.0.0.1:8080 timed out. Connection will be retried using another IP address
12:53:32.010 [Thread-3] DEBUG org.apache.http.impl.conn.DefaultHttpClientConnectionOperator - Connecting to localhost/0:0:0:0:0:0:0:1:8080
12:53:32.010 [Thread-3] DEBUG org.apache.http.impl.conn.DefaultManagedHttpClientConnection - http-outgoing-2: Shutdown connection
12:53:32.010 [Thread-3] DEBUG org.apache.http.impl.execchain.MainClientExec - Connection discarded
12:53:32.010 [Thread-3] DEBUG org.apache.http.impl.conn.PoolingHttpClientConnectionManager - Connection released: [id: 2][route: {}->http://localhost:8080][total kept alive: 0; route allocated: 0 of 6; total allocated: 0 of 20]
12:53:32.011 [main] DEBUG com.gargoylesoftware.htmlunit.html.DomElement - Firing Event beforeunload (Current Target: HTMLElement for HtmlHtml[<html>]);
12:53:32.011 [main] DEBUG com.gargoylesoftware.htmlunit.html.DomElement - Firing Event unload (Current Target: HTMLElement for HtmlHtml[<html>]);
12:53:32.011 [main] DEBUG com.gargoylesoftware.htmlunit.WebWindowImpl - destroyChildren
12:53:32.011 [main] DEBUG org.apache.http.impl.conn.PoolingHttpClientConnectionManager - Connection manager is shutting down
12:53:32.011 [main] DEBUG org.apache.http.impl.conn.PoolingHttpClientConnectionManager - Connection manager shut down
12:53:32.012 [main] DEBUG org.springframework.test.context.cache.DefaultCacheAwareContextLoaderDelegate - Retrieved ApplicationContext from cache with key [[WebMergedContextConfiguration@49070868 testClass = ChatWebSocketServerTest, locations = '{}', classes = '{class edu.udacity.java.nano.config.WebSocketConfig}', contextInitializerClasses = '[]', activeProfiles = '{}', propertySourceLocations = '{}', propertySourceProperties = '{}', contextCustomizers = set[org.springframework.boot.test.context.filter.ExcludeFilterContextCustomizer@4cf4d528, org.springframework.boot.test.json.DuplicateJsonObjectContextCustomizerFactory$DuplicateJsonObjectContextCustomizer@2641e737, org.springframework.boot.test.mock.mockito.MockitoContextCustomizer@0, org.springframework.boot.test.autoconfigure.properties.PropertyMappingContextCustomizer@0, org.springframework.boot.test.autoconfigure.web.servlet.WebDriverContextCustomizerFactory$Customizer@6483f5ae, org.springframework.test.context.web.socket.MockServerContainerContextCustomizer@73d4cc9e], resourceBasePath = 'src/main/webapp', contextLoader = 'org.springframework.test.context.web.WebDelegatingSmartContextLoader', parent = [null]]]
12:53:32.012 [main] DEBUG org.springframework.test.context.cache - Spring test ApplicationContext cache statistics: [DefaultContextCache@771a660 size = 1, maxSize = 32, parentContextCount = 0, hitCount = 17, missCount = 1]
12:53:32.012 [main] DEBUG org.springframework.test.context.cache.DefaultCacheAwareContextLoaderDelegate - Retrieved ApplicationContext from cache with key [[WebMergedContextConfiguration@49070868 testClass = ChatWebSocketServerTest, locations = '{}', classes = '{class edu.udacity.java.nano.config.WebSocketConfig}', contextInitializerClasses = '[]', activeProfiles = '{}', propertySourceLocations = '{}', propertySourceProperties = '{}', contextCustomizers = set[org.springframework.boot.test.context.filter.ExcludeFilterContextCustomizer@4cf4d528, org.springframework.boot.test.json.DuplicateJsonObjectContextCustomizerFactory$DuplicateJsonObjectContextCustomizer@2641e737, org.springframework.boot.test.mock.mockito.MockitoContextCustomizer@0, org.springframework.boot.test.autoconfigure.properties.PropertyMappingContextCustomizer@0, org.springframework.boot.test.autoconfigure.web.servlet.WebDriverContextCustomizerFactory$Customizer@6483f5ae, org.springframework.test.context.web.socket.MockServerContainerContextCustomizer@73d4cc9e], resourceBasePath = 'src/main/webapp', contextLoader = 'org.springframework.test.context.web.WebDelegatingSmartContextLoader', parent = [null]]]
12:53:32.012 [main] DEBUG org.springframework.test.context.cache - Spring test ApplicationContext cache statistics: [DefaultContextCache@771a660 size = 1, maxSize = 32, parentContextCount = 0, hitCount = 18, missCount = 1]
12:53:32.012 [main] DEBUG org.springframework.test.context.cache.DefaultCacheAwareContextLoaderDelegate - Retrieved ApplicationContext from cache with key [[WebMergedContextConfiguration@49070868 testClass = ChatWebSocketServerTest, locations = '{}', classes = '{class edu.udacity.java.nano.config.WebSocketConfig}', contextInitializerClasses = '[]', activeProfiles = '{}', propertySourceLocations = '{}', propertySourceProperties = '{}', contextCustomizers = set[org.springframework.boot.test.context.filter.ExcludeFilterContextCustomizer@4cf4d528, org.springframework.boot.test.json.DuplicateJsonObjectContextCustomizerFactory$DuplicateJsonObjectContextCustomizer@2641e737, org.springframework.boot.test.mock.mockito.MockitoContextCustomizer@0, org.springframework.boot.test.autoconfigure.properties.PropertyMappingContextCustomizer@0, org.springframework.boot.test.autoconfigure.web.servlet.WebDriverContextCustomizerFactory$Customizer@6483f5ae, org.springframework.test.context.web.socket.MockServerContainerContextCustomizer@73d4cc9e], resourceBasePath = 'src/main/webapp', contextLoader = 'org.springframework.test.context.web.WebDelegatingSmartContextLoader', parent = [null]]]
12:53:32.012 [main] DEBUG org.springframework.test.context.cache - Spring test ApplicationContext cache statistics: [DefaultContextCache@771a660 size = 1, maxSize = 32, parentContextCount = 0, hitCount = 19, missCount = 1]
12:53:32.013 [main] DEBUG org.springframework.test.context.cache.DefaultCacheAwareContextLoaderDelegate - Retrieved ApplicationContext from cache with key [[WebMergedContextConfiguration@49070868 testClass = ChatWebSocketServerTest, locations = '{}', classes = '{class edu.udacity.java.nano.config.WebSocketConfig}', contextInitializerClasses = '[]', activeProfiles = '{}', propertySourceLocations = '{}', propertySourceProperties = '{}', contextCustomizers = set[org.springframework.boot.test.context.filter.ExcludeFilterContextCustomizer@4cf4d528, org.springframework.boot.test.json.DuplicateJsonObjectContextCustomizerFactory$DuplicateJsonObjectContextCustomizer@2641e737, org.springframework.boot.test.mock.mockito.MockitoContextCustomizer@0, org.springframework.boot.test.autoconfigure.properties.PropertyMappingContextCustomizer@0, org.springframework.boot.test.autoconfigure.web.servlet.WebDriverContextCustomizerFactory$Customizer@6483f5ae, org.springframework.test.context.web.socket.MockServerContainerContextCustomizer@73d4cc9e], resourceBasePath = 'src/main/webapp', contextLoader = 'org.springframework.test.context.web.WebDelegatingSmartContextLoader', parent = [null]]]
12:53:32.013 [main] DEBUG org.springframework.test.context.cache - Spring test ApplicationContext cache statistics: [DefaultContextCache@771a660 size = 1, maxSize = 32, parentContextCount = 0, hitCount = 20, missCount = 1]
12:53:32.013 [main] DEBUG org.springframework.beans.factory.support.DefaultListableBeanFactory - Returning cached instance of singleton bean 'org.springframework.boot.test.mock.mockito.MockitoBeans'
12:53:32.013 [main] DEBUG org.springframework.test.context.support.AbstractDirtiesContextTestExecutionListener - After test method: context [DefaultTestContext@27c6e487 testClass = ChatWebSocketServerTest, testInstance = edu.udacity.java.nano.server.ChatWebSocketServerTest@2e6ba49a, testMethod = chat@ChatWebSocketServerTest, testException = org.openqa.selenium.NoSuchElementException: Unable to locate element with ID: 'username'
For documentation on this error, please visit: http://seleniumhq.org/exceptions/no_such_element.html
Build info: version: '3.9.1', revision: '63f7b50', time: '2018-02-07T22:25:02.294Z'
System info: host: 'Lynettes-MacBook-Pro.local', ip: '2601:248:4:7be0:0:0:0:2a9a%en0', os.name: 'Mac OS X', os.arch: 'x86_64', os.version: '10.14.6', java.version: '1.8.0_231'
Driver info: driver.version: HtmlUnitDriver, mergedContextConfiguration = [WebMergedContextConfiguration@49070868 testClass = ChatWebSocketServerTest, locations = '{}', classes = '{class edu.udacity.java.nano.config.WebSocketConfig}', contextInitializerClasses = '[]', activeProfiles = '{}', propertySourceLocations = '{}', propertySourceProperties = '{}', contextCustomizers = set[org.springframework.boot.test.context.filter.ExcludeFilterContextCustomizer@4cf4d528, org.springframework.boot.test.json.DuplicateJsonObjectContextCustomizerFactory$DuplicateJsonObjectContextCustomizer@2641e737, org.springframework.boot.test.mock.mockito.MockitoContextCustomizer@0, org.springframework.boot.test.autoconfigure.properties.PropertyMappingContextCustomizer@0, org.springframework.boot.test.autoconfigure.web.servlet.WebDriverContextCustomizerFactory$Customizer@6483f5ae, org.springframework.test.context.web.socket.MockServerContainerContextCustomizer@73d4cc9e], resourceBasePath = 'src/main/webapp', contextLoader = 'org.springframework.test.context.web.WebDelegatingSmartContextLoader', parent = [null]], attributes = map['org.springframework.test.context.web.ServletTestExecutionListener.populatedRequestContextHolder' -> true, 'org.springframework.test.context.web.ServletTestExecutionListener.resetRequestContextHolder' -> true]], class annotated with @DirtiesContext [false] with mode [null], method annotated with @DirtiesContext [false] with mode [null].
12:53:32.014 [main] DEBUG org.springframework.test.context.web.ServletTestExecutionListener - Resetting RequestContextHolder for test context [DefaultTestContext@27c6e487 testClass = ChatWebSocketServerTest, testInstance = edu.udacity.java.nano.server.ChatWebSocketServerTest@2e6ba49a, testMethod = chat@ChatWebSocketServerTest, testException = org.openqa.selenium.NoSuchElementException: Unable to locate element with ID: 'username'
For documentation on this error, please visit: http://seleniumhq.org/exceptions/no_such_element.html
Build info: version: '3.9.1', revision: '63f7b50', time: '2018-02-07T22:25:02.294Z'
System info: host: 'Lynettes-MacBook-Pro.local', ip: '2601:248:4:7be0:0:0:0:2a9a%en0', os.name: 'Mac OS X', os.arch: 'x86_64', os.version: '10.14.6', java.version: '1.8.0_231'
Driver info: driver.version: HtmlUnitDriver, mergedContextConfiguration = [WebMergedContextConfiguration@49070868 testClass = ChatWebSocketServerTest, locations = '{}', classes = '{class edu.udacity.java.nano.config.WebSocketConfig}', contextInitializerClasses = '[]', activeProfiles = '{}', propertySourceLocations = '{}', propertySourceProperties = '{}', contextCustomizers = set[org.springframework.boot.test.context.filter.ExcludeFilterContextCustomizer@4cf4d528, org.springframework.boot.test.json.DuplicateJsonObjectContextCustomizerFactory$DuplicateJsonObjectContextCustomizer@2641e737, org.springframework.boot.test.mock.mockito.MockitoContextCustomizer@0, org.springframework.boot.test.autoconfigure.properties.PropertyMappingContextCustomizer@0, org.springframework.boot.test.autoconfigure.web.servlet.WebDriverContextCustomizerFactory$Customizer@6483f5ae, org.springframework.test.context.web.socket.MockServerContainerContextCustomizer@73d4cc9e], resourceBasePath = 'src/main/webapp', contextLoader = 'org.springframework.test.context.web.WebDelegatingSmartContextLoader', parent = [null]], attributes = map['org.springframework.test.context.web.ServletTestExecutionListener.populatedRequestContextHolder' -> true, 'org.springframework.test.context.web.ServletTestExecutionListener.resetRequestContextHolder' -> true]].
]]></system-out>
  </testcase>
</testsuite>